
AVRASM ver. 2.1.30  C:\Users\15121039\Desktop\New folder\List\projectt1.asm Wed Nov 28 20:38:02 2018

C:\Users\15121039\Desktop\New folder\List\projectt1.asm(1059): warning: Register r4 already defined by the .DEF directive
C:\Users\15121039\Desktop\New folder\List\projectt1.asm(1060): warning: Register r7 already defined by the .DEF directive
C:\Users\15121039\Desktop\New folder\List\projectt1.asm(1061): warning: Register r6 already defined by the .DEF directive
C:\Users\15121039\Desktop\New folder\List\projectt1.asm(1062): warning: Register r9 already defined by the .DEF directive
                 
                 
                 ;CodeVisionAVR C Compiler V2.05.0 Evaluation
                 ;(C) Copyright 1998-2010 Pavel Haiduc, HP InfoTech s.r.l.
                 ;http://www.hpinfotech.com
                 
                 ;Chip type                : ATmega32
                 ;Program type             : Application
                 ;Clock frequency          : 16.000000 MHz
                 ;Memory model             : Small
                 ;Optimize for             : Size
                 ;(s)printf features       : int, width
                 ;(s)scanf features        : int, width
                 ;External RAM size        : 0
                 ;Data Stack size          : 512 byte(s)
                 ;Heap size                : 0 byte(s)
                 ;Promote 'char' to 'int'  : Yes
                 ;'char' is unsigned       : Yes
                 ;8 bit enums              : Yes
                 ;global 'const' stored in FLASH: No
                 ;Enhanced core instructions    : On
                 ;Smart register allocation     : On
                 ;Automatic register allocation : On
                 
                 	#pragma AVRPART ADMIN PART_NAME ATmega32
                 	#pragma AVRPART MEMORY PROG_FLASH 32768
                 	#pragma AVRPART MEMORY EEPROM 1024
                 	#pragma AVRPART MEMORY INT_SRAM SIZE 2143
                 	#pragma AVRPART MEMORY INT_SRAM START_ADDR 0x60
                 
                 	#define CALL_SUPPORTED 1
                 
                 	.LISTMAC
                 	.EQU UDRE=0x5
                 	.EQU RXC=0x7
                 	.EQU USR=0xB
                 	.EQU UDR=0xC
                 	.EQU SPSR=0xE
                 	.EQU SPDR=0xF
                 	.EQU EERE=0x0
                 	.EQU EEWE=0x1
                 	.EQU EEMWE=0x2
                 	.EQU EECR=0x1C
                 	.EQU EEDR=0x1D
                 	.EQU EEARL=0x1E
                 	.EQU EEARH=0x1F
                 	.EQU WDTCR=0x21
                 	.EQU MCUCR=0x35
                 	.EQU GICR=0x3B
                 	.EQU SPL=0x3D
                 	.EQU SPH=0x3E
                 	.EQU SREG=0x3F
                 
                 	.DEF R0X0=R0
                 	.DEF R0X1=R1
                 	.DEF R0X2=R2
                 	.DEF R0X3=R3
                 	.DEF R0X4=R4
                 	.DEF R0X5=R5
                 	.DEF R0X6=R6
                 	.DEF R0X7=R7
                 	.DEF R0X8=R8
                 	.DEF R0X9=R9
                 	.DEF R0XA=R10
                 	.DEF R0XB=R11
                 	.DEF R0XC=R12
                 	.DEF R0XD=R13
                 	.DEF R0XE=R14
                 	.DEF R0XF=R15
                 	.DEF R0X10=R16
                 	.DEF R0X11=R17
                 	.DEF R0X12=R18
                 	.DEF R0X13=R19
                 	.DEF R0X14=R20
                 	.DEF R0X15=R21
                 	.DEF R0X16=R22
                 	.DEF R0X17=R23
                 	.DEF R0X18=R24
                 	.DEF R0X19=R25
                 	.DEF R0X1A=R26
                 	.DEF R0X1B=R27
                 	.DEF R0X1C=R28
                 	.DEF R0X1D=R29
                 	.DEF R0X1E=R30
                 	.DEF R0X1F=R31
                 
                 	.EQU __SRAM_START=0x0060
                 	.EQU __SRAM_END=0x085F
                 	.EQU __DSTACK_SIZE=0x0200
                 	.EQU __HEAP_SIZE=0x0000
                 	.EQU __CLEAR_SRAM_SIZE=__SRAM_END-__SRAM_START+1
                 
                 	.MACRO __CPD1N
                 	CPI  R30,LOW(@0)
                 	LDI  R26,HIGH(@0)
                 	CPC  R31,R26
                 	LDI  R26,BYTE3(@0)
                 	CPC  R22,R26
                 	LDI  R26,BYTE4(@0)
                 	CPC  R23,R26
                 	.ENDM
                 
                 	.MACRO __CPD2N
                 	CPI  R26,LOW(@0)
                 	LDI  R30,HIGH(@0)
                 	CPC  R27,R30
                 	LDI  R30,BYTE3(@0)
                 	CPC  R24,R30
                 	LDI  R30,BYTE4(@0)
                 	CPC  R25,R30
                 	.ENDM
                 
                 	.MACRO __CPWRR
                 	CP   R@0,R@2
                 	CPC  R@1,R@3
                 	.ENDM
                 
                 	.MACRO __CPWRN
                 	CPI  R@0,LOW(@2)
                 	LDI  R30,HIGH(@2)
                 	CPC  R@1,R30
                 	.ENDM
                 
                 	.MACRO __ADDB1MN
                 	SUBI R30,LOW(-@0-(@1))
                 	.ENDM
                 
                 	.MACRO __ADDB2MN
                 	SUBI R26,LOW(-@0-(@1))
                 	.ENDM
                 
                 	.MACRO __ADDW1MN
                 	SUBI R30,LOW(-@0-(@1))
                 	SBCI R31,HIGH(-@0-(@1))
                 	.ENDM
                 
                 	.MACRO __ADDW2MN
                 	SUBI R26,LOW(-@0-(@1))
                 	SBCI R27,HIGH(-@0-(@1))
                 	.ENDM
                 
                 	.MACRO __ADDW1FN
                 	SUBI R30,LOW(-2*@0-(@1))
                 	SBCI R31,HIGH(-2*@0-(@1))
                 	.ENDM
                 
                 	.MACRO __ADDD1FN
                 	SUBI R30,LOW(-2*@0-(@1))
                 	SBCI R31,HIGH(-2*@0-(@1))
                 	SBCI R22,BYTE3(-2*@0-(@1))
                 	.ENDM
                 
                 	.MACRO __ADDD1N
                 	SUBI R30,LOW(-@0)
                 	SBCI R31,HIGH(-@0)
                 	SBCI R22,BYTE3(-@0)
                 	SBCI R23,BYTE4(-@0)
                 	.ENDM
                 
                 	.MACRO __ADDD2N
                 	SUBI R26,LOW(-@0)
                 	SBCI R27,HIGH(-@0)
                 	SBCI R24,BYTE3(-@0)
                 	SBCI R25,BYTE4(-@0)
                 	.ENDM
                 
                 	.MACRO __SUBD1N
                 	SUBI R30,LOW(@0)
                 	SBCI R31,HIGH(@0)
                 	SBCI R22,BYTE3(@0)
                 	SBCI R23,BYTE4(@0)
                 	.ENDM
                 
                 	.MACRO __SUBD2N
                 	SUBI R26,LOW(@0)
                 	SBCI R27,HIGH(@0)
                 	SBCI R24,BYTE3(@0)
                 	SBCI R25,BYTE4(@0)
                 	.ENDM
                 
                 	.MACRO __ANDBMNN
                 	LDS  R30,@0+(@1)
                 	ANDI R30,LOW(@2)
                 	STS  @0+(@1),R30
                 	.ENDM
                 
                 	.MACRO __ANDWMNN
                 	LDS  R30,@0+(@1)
                 	ANDI R30,LOW(@2)
                 	STS  @0+(@1),R30
                 	LDS  R30,@0+(@1)+1
                 	ANDI R30,HIGH(@2)
                 	STS  @0+(@1)+1,R30
                 	.ENDM
                 
                 	.MACRO __ANDD1N
                 	ANDI R30,LOW(@0)
                 	ANDI R31,HIGH(@0)
                 	ANDI R22,BYTE3(@0)
                 	ANDI R23,BYTE4(@0)
                 	.ENDM
                 
                 	.MACRO __ANDD2N
                 	ANDI R26,LOW(@0)
                 	ANDI R27,HIGH(@0)
                 	ANDI R24,BYTE3(@0)
                 	ANDI R25,BYTE4(@0)
                 	.ENDM
                 
                 	.MACRO __ORBMNN
                 	LDS  R30,@0+(@1)
                 	ORI  R30,LOW(@2)
                 	STS  @0+(@1),R30
                 	.ENDM
                 
                 	.MACRO __ORWMNN
                 	LDS  R30,@0+(@1)
                 	ORI  R30,LOW(@2)
                 	STS  @0+(@1),R30
                 	LDS  R30,@0+(@1)+1
                 	ORI  R30,HIGH(@2)
                 	STS  @0+(@1)+1,R30
                 	.ENDM
                 
                 	.MACRO __ORD1N
                 	ORI  R30,LOW(@0)
                 	ORI  R31,HIGH(@0)
                 	ORI  R22,BYTE3(@0)
                 	ORI  R23,BYTE4(@0)
                 	.ENDM
                 
                 	.MACRO __ORD2N
                 	ORI  R26,LOW(@0)
                 	ORI  R27,HIGH(@0)
                 	ORI  R24,BYTE3(@0)
                 	ORI  R25,BYTE4(@0)
                 	.ENDM
                 
                 	.MACRO __DELAY_USB
                 	LDI  R24,LOW(@0)
                 __DELAY_USB_LOOP:
                 	DEC  R24
                 	BRNE __DELAY_USB_LOOP
                 	.ENDM
                 
                 	.MACRO __DELAY_USW
                 	LDI  R24,LOW(@0)
                 	LDI  R25,HIGH(@0)
                 __DELAY_USW_LOOP:
                 	SBIW R24,1
                 	BRNE __DELAY_USW_LOOP
                 	.ENDM
                 
                 	.MACRO __GETD1S
                 	LDD  R30,Y+@0
                 	LDD  R31,Y+@0+1
                 	LDD  R22,Y+@0+2
                 	LDD  R23,Y+@0+3
                 	.ENDM
                 
                 	.MACRO __GETD2S
                 	LDD  R26,Y+@0
                 	LDD  R27,Y+@0+1
                 	LDD  R24,Y+@0+2
                 	LDD  R25,Y+@0+3
                 	.ENDM
                 
                 	.MACRO __PUTD1S
                 	STD  Y+@0,R30
                 	STD  Y+@0+1,R31
                 	STD  Y+@0+2,R22
                 	STD  Y+@0+3,R23
                 	.ENDM
                 
                 	.MACRO __PUTD2S
                 	STD  Y+@0,R26
                 	STD  Y+@0+1,R27
                 	STD  Y+@0+2,R24
                 	STD  Y+@0+3,R25
                 	.ENDM
                 
                 	.MACRO __PUTDZ2
                 	STD  Z+@0,R26
                 	STD  Z+@0+1,R27
                 	STD  Z+@0+2,R24
                 	STD  Z+@0+3,R25
                 	.ENDM
                 
                 	.MACRO __CLRD1S
                 	STD  Y+@0,R30
                 	STD  Y+@0+1,R30
                 	STD  Y+@0+2,R30
                 	STD  Y+@0+3,R30
                 	.ENDM
                 
                 	.MACRO __POINTB1MN
                 	LDI  R30,LOW(@0+(@1))
                 	.ENDM
                 
                 	.MACRO __POINTW1MN
                 	LDI  R30,LOW(@0+(@1))
                 	LDI  R31,HIGH(@0+(@1))
                 	.ENDM
                 
                 	.MACRO __POINTD1M
                 	LDI  R30,LOW(@0)
                 	LDI  R31,HIGH(@0)
                 	LDI  R22,BYTE3(@0)
                 	LDI  R23,BYTE4(@0)
                 	.ENDM
                 
                 	.MACRO __POINTW1FN
                 	LDI  R30,LOW(2*@0+(@1))
                 	LDI  R31,HIGH(2*@0+(@1))
                 	.ENDM
                 
                 	.MACRO __POINTD1FN
                 	LDI  R30,LOW(2*@0+(@1))
                 	LDI  R31,HIGH(2*@0+(@1))
                 	LDI  R22,BYTE3(2*@0+(@1))
                 	LDI  R23,BYTE4(2*@0+(@1))
                 	.ENDM
                 
                 	.MACRO __POINTB2MN
                 	LDI  R26,LOW(@0+(@1))
                 	.ENDM
                 
                 	.MACRO __POINTW2MN
                 	LDI  R26,LOW(@0+(@1))
                 	LDI  R27,HIGH(@0+(@1))
                 	.ENDM
                 
                 	.MACRO __POINTBRM
                 	LDI  R@0,LOW(@1)
                 	.ENDM
                 
                 	.MACRO __POINTWRM
                 	LDI  R@0,LOW(@2)
                 	LDI  R@1,HIGH(@2)
                 	.ENDM
                 
                 	.MACRO __POINTBRMN
                 	LDI  R@0,LOW(@1+(@2))
                 	.ENDM
                 
                 	.MACRO __POINTWRMN
                 	LDI  R@0,LOW(@2+(@3))
                 	LDI  R@1,HIGH(@2+(@3))
                 	.ENDM
                 
                 	.MACRO __POINTWRFN
                 	LDI  R@0,LOW(@2*2+(@3))
                 	LDI  R@1,HIGH(@2*2+(@3))
                 	.ENDM
                 
                 	.MACRO __GETD1N
                 	LDI  R30,LOW(@0)
                 	LDI  R31,HIGH(@0)
                 	LDI  R22,BYTE3(@0)
                 	LDI  R23,BYTE4(@0)
                 	.ENDM
                 
                 	.MACRO __GETD2N
                 	LDI  R26,LOW(@0)
                 	LDI  R27,HIGH(@0)
                 	LDI  R24,BYTE3(@0)
                 	LDI  R25,BYTE4(@0)
                 	.ENDM
                 
                 	.MACRO __GETB1MN
                 	LDS  R30,@0+(@1)
                 	.ENDM
                 
                 	.MACRO __GETB1HMN
                 	LDS  R31,@0+(@1)
                 	.ENDM
                 
                 	.MACRO __GETW1MN
                 	LDS  R30,@0+(@1)
                 	LDS  R31,@0+(@1)+1
                 	.ENDM
                 
                 	.MACRO __GETD1MN
                 	LDS  R30,@0+(@1)
                 	LDS  R31,@0+(@1)+1
                 	LDS  R22,@0+(@1)+2
                 	LDS  R23,@0+(@1)+3
                 	.ENDM
                 
                 	.MACRO __GETBRMN
                 	LDS  R@0,@1+(@2)
                 	.ENDM
                 
                 	.MACRO __GETWRMN
                 	LDS  R@0,@2+(@3)
                 	LDS  R@1,@2+(@3)+1
                 	.ENDM
                 
                 	.MACRO __GETWRZ
                 	LDD  R@0,Z+@2
                 	LDD  R@1,Z+@2+1
                 	.ENDM
                 
                 	.MACRO __GETD2Z
                 	LDD  R26,Z+@0
                 	LDD  R27,Z+@0+1
                 	LDD  R24,Z+@0+2
                 	LDD  R25,Z+@0+3
                 	.ENDM
                 
                 	.MACRO __GETB2MN
                 	LDS  R26,@0+(@1)
                 	.ENDM
                 
                 	.MACRO __GETW2MN
                 	LDS  R26,@0+(@1)
                 	LDS  R27,@0+(@1)+1
                 	.ENDM
                 
                 	.MACRO __GETD2MN
                 	LDS  R26,@0+(@1)
                 	LDS  R27,@0+(@1)+1
                 	LDS  R24,@0+(@1)+2
                 	LDS  R25,@0+(@1)+3
                 	.ENDM
                 
                 	.MACRO __PUTB1MN
                 	STS  @0+(@1),R30
                 	.ENDM
                 
                 	.MACRO __PUTW1MN
                 	STS  @0+(@1),R30
                 	STS  @0+(@1)+1,R31
                 	.ENDM
                 
                 	.MACRO __PUTD1MN
                 	STS  @0+(@1),R30
                 	STS  @0+(@1)+1,R31
                 	STS  @0+(@1)+2,R22
                 	STS  @0+(@1)+3,R23
                 	.ENDM
                 
                 	.MACRO __PUTB1EN
                 	LDI  R26,LOW(@0+(@1))
                 	LDI  R27,HIGH(@0+(@1))
                 	CALL __EEPROMWRB
                 	.ENDM
                 
                 	.MACRO __PUTW1EN
                 	LDI  R26,LOW(@0+(@1))
                 	LDI  R27,HIGH(@0+(@1))
                 	CALL __EEPROMWRW
                 	.ENDM
                 
                 	.MACRO __PUTD1EN
                 	LDI  R26,LOW(@0+(@1))
                 	LDI  R27,HIGH(@0+(@1))
                 	CALL __EEPROMWRD
                 	.ENDM
                 
                 	.MACRO __PUTBR0MN
                 	STS  @0+(@1),R0
                 	.ENDM
                 
                 	.MACRO __PUTBMRN
                 	STS  @0+(@1),R@2
                 	.ENDM
                 
                 	.MACRO __PUTWMRN
                 	STS  @0+(@1),R@2
                 	STS  @0+(@1)+1,R@3
                 	.ENDM
                 
                 	.MACRO __PUTBZR
                 	STD  Z+@1,R@0
                 	.ENDM
                 
                 	.MACRO __PUTWZR
                 	STD  Z+@2,R@0
                 	STD  Z+@2+1,R@1
                 	.ENDM
                 
                 	.MACRO __GETW1R
                 	MOV  R30,R@0
                 	MOV  R31,R@1
                 	.ENDM
                 
                 	.MACRO __GETW2R
                 	MOV  R26,R@0
                 	MOV  R27,R@1
                 	.ENDM
                 
                 	.MACRO __GETWRN
                 	LDI  R@0,LOW(@2)
                 	LDI  R@1,HIGH(@2)
                 	.ENDM
                 
                 	.MACRO __PUTW1R
                 	MOV  R@0,R30
                 	MOV  R@1,R31
                 	.ENDM
                 
                 	.MACRO __PUTW2R
                 	MOV  R@0,R26
                 	MOV  R@1,R27
                 	.ENDM
                 
                 	.MACRO __ADDWRN
                 	SUBI R@0,LOW(-@2)
                 	SBCI R@1,HIGH(-@2)
                 	.ENDM
                 
                 	.MACRO __ADDWRR
                 	ADD  R@0,R@2
                 	ADC  R@1,R@3
                 	.ENDM
                 
                 	.MACRO __SUBWRN
                 	SUBI R@0,LOW(@2)
                 	SBCI R@1,HIGH(@2)
                 	.ENDM
                 
                 	.MACRO __SUBWRR
                 	SUB  R@0,R@2
                 	SBC  R@1,R@3
                 	.ENDM
                 
                 	.MACRO __ANDWRN
                 	ANDI R@0,LOW(@2)
                 	ANDI R@1,HIGH(@2)
                 	.ENDM
                 
                 	.MACRO __ANDWRR
                 	AND  R@0,R@2
                 	AND  R@1,R@3
                 	.ENDM
                 
                 	.MACRO __ORWRN
                 	ORI  R@0,LOW(@2)
                 	ORI  R@1,HIGH(@2)
                 	.ENDM
                 
                 	.MACRO __ORWRR
                 	OR   R@0,R@2
                 	OR   R@1,R@3
                 	.ENDM
                 
                 	.MACRO __EORWRR
                 	EOR  R@0,R@2
                 	EOR  R@1,R@3
                 	.ENDM
                 
                 	.MACRO __GETWRS
                 	LDD  R@0,Y+@2
                 	LDD  R@1,Y+@2+1
                 	.ENDM
                 
                 	.MACRO __PUTBSR
                 	STD  Y+@1,R@0
                 	.ENDM
                 
                 	.MACRO __PUTWSR
                 	STD  Y+@2,R@0
                 	STD  Y+@2+1,R@1
                 	.ENDM
                 
                 	.MACRO __MOVEWRR
                 	MOV  R@0,R@2
                 	MOV  R@1,R@3
                 	.ENDM
                 
                 	.MACRO __INWR
                 	IN   R@0,@2
                 	IN   R@1,@2+1
                 	.ENDM
                 
                 	.MACRO __OUTWR
                 	OUT  @2+1,R@1
                 	OUT  @2,R@0
                 	.ENDM
                 
                 	.MACRO __CALL1MN
                 	LDS  R30,@0+(@1)
                 	LDS  R31,@0+(@1)+1
                 	ICALL
                 	.ENDM
                 
                 	.MACRO __CALL1FN
                 	LDI  R30,LOW(2*@0+(@1))
                 	LDI  R31,HIGH(2*@0+(@1))
                 	CALL __GETW1PF
                 	ICALL
                 	.ENDM
                 
                 	.MACRO __CALL2EN
                 	LDI  R26,LOW(@0+(@1))
                 	LDI  R27,HIGH(@0+(@1))
                 	CALL __EEPROMRDW
                 	ICALL
                 	.ENDM
                 
                 	.MACRO __GETW1STACK
                 	IN   R26,SPL
                 	IN   R27,SPH
                 	ADIW R26,@0+1
                 	LD   R30,X+
                 	LD   R31,X
                 	.ENDM
                 
                 	.MACRO __GETD1STACK
                 	IN   R26,SPL
                 	IN   R27,SPH
                 	ADIW R26,@0+1
                 	LD   R30,X+
                 	LD   R31,X+
                 	LD   R22,X
                 	.ENDM
                 
                 	.MACRO __NBST
                 	BST  R@0,@1
                 	IN   R30,SREG
                 	LDI  R31,0x40
                 	EOR  R30,R31
                 	OUT  SREG,R30
                 	.ENDM
                 
                 
                 	.MACRO __PUTB1SN
                 	LDD  R26,Y+@0
                 	LDD  R27,Y+@0+1
                 	SUBI R26,LOW(-@1)
                 	SBCI R27,HIGH(-@1)
                 	ST   X,R30
                 	.ENDM
                 
                 	.MACRO __PUTW1SN
                 	LDD  R26,Y+@0
                 	LDD  R27,Y+@0+1
                 	SUBI R26,LOW(-@1)
                 	SBCI R27,HIGH(-@1)
                 	ST   X+,R30
                 	ST   X,R31
                 	.ENDM
                 
                 	.MACRO __PUTD1SN
                 	LDD  R26,Y+@0
                 	LDD  R27,Y+@0+1
                 	SUBI R26,LOW(-@1)
                 	SBCI R27,HIGH(-@1)
                 	CALL __PUTDP1
                 	.ENDM
                 
                 	.MACRO __PUTB1SNS
                 	LDD  R26,Y+@0
                 	LDD  R27,Y+@0+1
                 	ADIW R26,@1
                 	ST   X,R30
                 	.ENDM
                 
                 	.MACRO __PUTW1SNS
                 	LDD  R26,Y+@0
                 	LDD  R27,Y+@0+1
                 	ADIW R26,@1
                 	ST   X+,R30
                 	ST   X,R31
                 	.ENDM
                 
                 	.MACRO __PUTD1SNS
                 	LDD  R26,Y+@0
                 	LDD  R27,Y+@0+1
                 	ADIW R26,@1
                 	CALL __PUTDP1
                 	.ENDM
                 
                 	.MACRO __PUTB1PMN
                 	LDS  R26,@0
                 	LDS  R27,@0+1
                 	SUBI R26,LOW(-@1)
                 	SBCI R27,HIGH(-@1)
                 	ST   X,R30
                 	.ENDM
                 
                 	.MACRO __PUTW1PMN
                 	LDS  R26,@0
                 	LDS  R27,@0+1
                 	SUBI R26,LOW(-@1)
                 	SBCI R27,HIGH(-@1)
                 	ST   X+,R30
                 	ST   X,R31
                 	.ENDM
                 
                 	.MACRO __PUTD1PMN
                 	LDS  R26,@0
                 	LDS  R27,@0+1
                 	SUBI R26,LOW(-@1)
                 	SBCI R27,HIGH(-@1)
                 	CALL __PUTDP1
                 	.ENDM
                 
                 	.MACRO __PUTB1PMNS
                 	LDS  R26,@0
                 	LDS  R27,@0+1
                 	ADIW R26,@1
                 	ST   X,R30
                 	.ENDM
                 
                 	.MACRO __PUTW1PMNS
                 	LDS  R26,@0
                 	LDS  R27,@0+1
                 	ADIW R26,@1
                 	ST   X+,R30
                 	ST   X,R31
                 	.ENDM
                 
                 	.MACRO __PUTD1PMNS
                 	LDS  R26,@0
                 	LDS  R27,@0+1
                 	ADIW R26,@1
                 	CALL __PUTDP1
                 	.ENDM
                 
                 	.MACRO __PUTB1RN
                 	MOVW R26,R@0
                 	SUBI R26,LOW(-@1)
                 	SBCI R27,HIGH(-@1)
                 	ST   X,R30
                 	.ENDM
                 
                 	.MACRO __PUTW1RN
                 	MOVW R26,R@0
                 	SUBI R26,LOW(-@1)
                 	SBCI R27,HIGH(-@1)
                 	ST   X+,R30
                 	ST   X,R31
                 	.ENDM
                 
                 	.MACRO __PUTD1RN
                 	MOVW R26,R@0
                 	SUBI R26,LOW(-@1)
                 	SBCI R27,HIGH(-@1)
                 	CALL __PUTDP1
                 	.ENDM
                 
                 	.MACRO __PUTB1RNS
                 	MOVW R26,R@0
                 	ADIW R26,@1
                 	ST   X,R30
                 	.ENDM
                 
                 	.MACRO __PUTW1RNS
                 	MOVW R26,R@0
                 	ADIW R26,@1
                 	ST   X+,R30
                 	ST   X,R31
                 	.ENDM
                 
                 	.MACRO __PUTD1RNS
                 	MOVW R26,R@0
                 	ADIW R26,@1
                 	CALL __PUTDP1
                 	.ENDM
                 
                 	.MACRO __PUTB1RON
                 	MOV  R26,R@0
                 	MOV  R27,R@1
                 	SUBI R26,LOW(-@2)
                 	SBCI R27,HIGH(-@2)
                 	ST   X,R30
                 	.ENDM
                 
                 	.MACRO __PUTW1RON
                 	MOV  R26,R@0
                 	MOV  R27,R@1
                 	SUBI R26,LOW(-@2)
                 	SBCI R27,HIGH(-@2)
                 	ST   X+,R30
                 	ST   X,R31
                 	.ENDM
                 
                 	.MACRO __PUTD1RON
                 	MOV  R26,R@0
                 	MOV  R27,R@1
                 	SUBI R26,LOW(-@2)
                 	SBCI R27,HIGH(-@2)
                 	CALL __PUTDP1
                 	.ENDM
                 
                 	.MACRO __PUTB1RONS
                 	MOV  R26,R@0
                 	MOV  R27,R@1
                 	ADIW R26,@2
                 	ST   X,R30
                 	.ENDM
                 
                 	.MACRO __PUTW1RONS
                 	MOV  R26,R@0
                 	MOV  R27,R@1
                 	ADIW R26,@2
                 	ST   X+,R30
                 	ST   X,R31
                 	.ENDM
                 
                 	.MACRO __PUTD1RONS
                 	MOV  R26,R@0
                 	MOV  R27,R@1
                 	ADIW R26,@2
                 	CALL __PUTDP1
                 	.ENDM
                 
                 
                 	.MACRO __GETB1SX
                 	MOVW R30,R28
                 	SUBI R30,LOW(-@0)
                 	SBCI R31,HIGH(-@0)
                 	LD   R30,Z
                 	.ENDM
                 
                 	.MACRO __GETB1HSX
                 	MOVW R30,R28
                 	SUBI R30,LOW(-@0)
                 	SBCI R31,HIGH(-@0)
                 	LD   R31,Z
                 	.ENDM
                 
                 	.MACRO __GETW1SX
                 	MOVW R30,R28
                 	SUBI R30,LOW(-@0)
                 	SBCI R31,HIGH(-@0)
                 	LD   R0,Z+
                 	LD   R31,Z
                 	MOV  R30,R0
                 	.ENDM
                 
                 	.MACRO __GETD1SX
                 	MOVW R30,R28
                 	SUBI R30,LOW(-@0)
                 	SBCI R31,HIGH(-@0)
                 	LD   R0,Z+
                 	LD   R1,Z+
                 	LD   R22,Z+
                 	LD   R23,Z
                 	MOVW R30,R0
                 	.ENDM
                 
                 	.MACRO __GETB2SX
                 	MOVW R26,R28
                 	SUBI R26,LOW(-@0)
                 	SBCI R27,HIGH(-@0)
                 	LD   R26,X
                 	.ENDM
                 
                 	.MACRO __GETW2SX
                 	MOVW R26,R28
                 	SUBI R26,LOW(-@0)
                 	SBCI R27,HIGH(-@0)
                 	LD   R0,X+
                 	LD   R27,X
                 	MOV  R26,R0
                 	.ENDM
                 
                 	.MACRO __GETD2SX
                 	MOVW R26,R28
                 	SUBI R26,LOW(-@0)
                 	SBCI R27,HIGH(-@0)
                 	LD   R0,X+
                 	LD   R1,X+
                 	LD   R24,X+
                 	LD   R25,X
                 	MOVW R26,R0
                 	.ENDM
                 
                 	.MACRO __GETBRSX
                 	MOVW R30,R28
                 	SUBI R30,LOW(-@1)
                 	SBCI R31,HIGH(-@1)
                 	LD   R@0,Z
                 	.ENDM
                 
                 	.MACRO __GETWRSX
                 	MOVW R30,R28
                 	SUBI R30,LOW(-@2)
                 	SBCI R31,HIGH(-@2)
                 	LD   R@0,Z+
                 	LD   R@1,Z
                 	.ENDM
                 
                 	.MACRO __GETBRSX2
                 	MOVW R26,R28
                 	SUBI R26,LOW(-@1)
                 	SBCI R27,HIGH(-@1)
                 	LD   R@0,X
                 	.ENDM
                 
                 	.MACRO __GETWRSX2
                 	MOVW R26,R28
                 	SUBI R26,LOW(-@2)
                 	SBCI R27,HIGH(-@2)
                 	LD   R@0,X+
                 	LD   R@1,X
                 	.ENDM
                 
                 	.MACRO __LSLW8SX
                 	MOVW R30,R28
                 	SUBI R30,LOW(-@0)
                 	SBCI R31,HIGH(-@0)
                 	LD   R31,Z
                 	CLR  R30
                 	.ENDM
                 
                 	.MACRO __PUTB1SX
                 	MOVW R26,R28
                 	SUBI R26,LOW(-@0)
                 	SBCI R27,HIGH(-@0)
                 	ST   X,R30
                 	.ENDM
                 
                 	.MACRO __PUTW1SX
                 	MOVW R26,R28
                 	SUBI R26,LOW(-@0)
                 	SBCI R27,HIGH(-@0)
                 	ST   X+,R30
                 	ST   X,R31
                 	.ENDM
                 
                 	.MACRO __PUTD1SX
                 	MOVW R26,R28
                 	SUBI R26,LOW(-@0)
                 	SBCI R27,HIGH(-@0)
                 	ST   X+,R30
                 	ST   X+,R31
                 	ST   X+,R22
                 	ST   X,R23
                 	.ENDM
                 
                 	.MACRO __CLRW1SX
                 	MOVW R26,R28
                 	SUBI R26,LOW(-@0)
                 	SBCI R27,HIGH(-@0)
                 	ST   X+,R30
                 	ST   X,R30
                 	.ENDM
                 
                 	.MACRO __CLRD1SX
                 	MOVW R26,R28
                 	SUBI R26,LOW(-@0)
                 	SBCI R27,HIGH(-@0)
                 	ST   X+,R30
                 	ST   X+,R30
                 	ST   X+,R30
                 	ST   X,R30
                 	.ENDM
                 
                 	.MACRO __PUTB2SX
                 	MOVW R30,R28
                 	SUBI R30,LOW(-@0)
                 	SBCI R31,HIGH(-@0)
                 	ST   Z,R26
                 	.ENDM
                 
                 	.MACRO __PUTW2SX
                 	MOVW R30,R28
                 	SUBI R30,LOW(-@0)
                 	SBCI R31,HIGH(-@0)
                 	ST   Z+,R26
                 	ST   Z,R27
                 	.ENDM
                 
                 	.MACRO __PUTD2SX
                 	MOVW R30,R28
                 	SUBI R30,LOW(-@0)
                 	SBCI R31,HIGH(-@0)
                 	ST   Z+,R26
                 	ST   Z+,R27
                 	ST   Z+,R24
                 	ST   Z,R25
                 	.ENDM
                 
                 	.MACRO __PUTBSRX
                 	MOVW R30,R28
                 	SUBI R30,LOW(-@1)
                 	SBCI R31,HIGH(-@1)
                 	ST   Z,R@0
                 	.ENDM
                 
                 	.MACRO __PUTWSRX
                 	MOVW R30,R28
                 	SUBI R30,LOW(-@2)
                 	SBCI R31,HIGH(-@2)
                 	ST   Z+,R@0
                 	ST   Z,R@1
                 	.ENDM
                 
                 	.MACRO __PUTB1SNX
                 	MOVW R26,R28
                 	SUBI R26,LOW(-@0)
                 	SBCI R27,HIGH(-@0)
                 	LD   R0,X+
                 	LD   R27,X
                 	MOV  R26,R0
                 	SUBI R26,LOW(-@1)
                 	SBCI R27,HIGH(-@1)
                 	ST   X,R30
                 	.ENDM
                 
                 	.MACRO __PUTW1SNX
                 	MOVW R26,R28
                 	SUBI R26,LOW(-@0)
                 	SBCI R27,HIGH(-@0)
                 	LD   R0,X+
                 	LD   R27,X
                 	MOV  R26,R0
                 	SUBI R26,LOW(-@1)
                 	SBCI R27,HIGH(-@1)
                 	ST   X+,R30
                 	ST   X,R31
                 	.ENDM
                 
                 	.MACRO __PUTD1SNX
                 	MOVW R26,R28
                 	SUBI R26,LOW(-@0)
                 	SBCI R27,HIGH(-@0)
                 	LD   R0,X+
                 	LD   R27,X
                 	MOV  R26,R0
                 	SUBI R26,LOW(-@1)
                 	SBCI R27,HIGH(-@1)
                 	ST   X+,R30
                 	ST   X+,R31
                 	ST   X+,R22
                 	ST   X,R23
                 	.ENDM
                 
                 	.MACRO __MULBRR
                 	MULS R@0,R@1
                 	MOVW R30,R0
                 	.ENDM
                 
                 	.MACRO __MULBRRU
                 	MUL  R@0,R@1
                 	MOVW R30,R0
                 	.ENDM
                 
                 	.MACRO __MULBRR0
                 	MULS R@0,R@1
                 	.ENDM
                 
                 	.MACRO __MULBRRU0
                 	MUL  R@0,R@1
                 	.ENDM
                 
                 	.MACRO __MULBNWRU
                 	LDI  R26,@2
                 	MUL  R26,R@0
                 	MOVW R30,R0
                 	MUL  R26,R@1
                 	ADD  R31,R0
                 	.ENDM
                 
                 ;NAME DEFINITIONS FOR GLOBAL VARIABLES ALLOCATED TO REGISTERS
                 	.DEF _move=R4
                 	.DEF __lcd_x=R7
                 	.DEF __lcd_y=R6
                 	.DEF __lcd_maxx=R9
                 
                 	.CSEG
                 	.ORG 0x00
                 
                 ;START OF CODE MARKER
                 __START_OF_CODE:
                 
                 ;INTERRUPT VECTORS
000000 940c 0046 	JMP  __RESET
000002 940c 0000 	JMP  0x00
000004 940c 0000 	JMP  0x00
000006 940c 0000 	JMP  0x00
000008 940c 0000 	JMP  0x00
00000a 940c 0000 	JMP  0x00
00000c 940c 0000 	JMP  0x00
00000e 940c 0000 	JMP  0x00
000010 940c 0000 	JMP  0x00
000012 940c 0000 	JMP  0x00
000014 940c 0000 	JMP  0x00
000016 940c 0000 	JMP  0x00
000018 940c 0000 	JMP  0x00
00001a 940c 0000 	JMP  0x00
00001c 940c 0000 	JMP  0x00
00001e 940c 0000 	JMP  0x00
000020 940c 0000 	JMP  0x00
000022 940c 0000 	JMP  0x00
000024 940c 0000 	JMP  0x00
000026 940c 0000 	JMP  0x00
000028 940c 0000 	JMP  0x00
                 
                 _0x3:
00002a 5c29
00002b 407f      	.DB  0x29,0x5C,0x7F,0x40
                 _0x4:
00002c 0000
00002d 4000      	.DB  0x0,0x0,0x0,0x40
                 _0x14:
00002e 0000      	.DB  0x0,0x0
                 _0x2000060:
C:\Users\15121039\Desktop\New folder\List\projectt1.asm(1100): warning: .cseg .db misalignment - padding zero byte
00002f 0001      	.DB  0x1
                 _0x2000000:
000030 4e2d
000031 4e41
000032 4900
000033 464e      	.DB  0x2D,0x4E,0x41,0x4E,0x0,0x49,0x4E,0x46
C:\Users\15121039\Desktop\New folder\List\projectt1.asm(1103): warning: .cseg .db misalignment - padding zero byte
000034 0000      	.DB  0x0
                 _0x2020003:
000035 c080      	.DB  0x80,0xC0
                 
                 __GLOBAL_INI_TBL:
000036 0004      	.DW  0x04
000037 0264      	.DW  _max_v
000038 0054      	.DW  _0x3*2
                 
000039 0004      	.DW  0x04
00003a 0268      	.DW  _min_v
00003b 0058      	.DW  _0x4*2
                 
00003c 0002      	.DW  0x02
00003d 0004      	.DW  0x04
00003e 005c      	.DW  _0x14*2
                 
00003f 0001      	.DW  0x01
000040 027c      	.DW  __seed_G100
000041 005e      	.DW  _0x2000060*2
                 
000042 0002      	.DW  0x02
000043 0280      	.DW  __base_y_G101
000044 006a      	.DW  _0x2020003*2
                 
                 _0xFFFFFFFF:
000045 0000      	.DW  0
                 
                 __RESET:
000046 94f8      	CLI
000047 27ee      	CLR  R30
000048 bbec      	OUT  EECR,R30
                 
                 ;INTERRUPT VECTORS ARE PLACED
                 ;AT THE START OF FLASH
000049 e0f1      	LDI  R31,1
00004a bffb      	OUT  GICR,R31
00004b bfeb      	OUT  GICR,R30
00004c bfe5      	OUT  MCUCR,R30
                 
                 ;DISABLE WATCHDOG
00004d e1f8      	LDI  R31,0x18
00004e bdf1      	OUT  WDTCR,R31
00004f bde1      	OUT  WDTCR,R30
                 
                 ;CLEAR R2-R14
000050 e08d      	LDI  R24,(14-2)+1
000051 e0a2      	LDI  R26,2
000052 27bb      	CLR  R27
                 __CLEAR_REG:
000053 93ed      	ST   X+,R30
000054 958a      	DEC  R24
000055 f7e9      	BRNE __CLEAR_REG
                 
                 ;CLEAR SRAM
000056 e080      	LDI  R24,LOW(__CLEAR_SRAM_SIZE)
000057 e098      	LDI  R25,HIGH(__CLEAR_SRAM_SIZE)
000058 e6a0      	LDI  R26,__SRAM_START
                 __CLEAR_SRAM:
000059 93ed      	ST   X+,R30
00005a 9701      	SBIW R24,1
00005b f7e9      	BRNE __CLEAR_SRAM
                 
                 ;GLOBAL VARIABLES INITIALIZATION
00005c e6ec      	LDI  R30,LOW(__GLOBAL_INI_TBL*2)
00005d e0f0      	LDI  R31,HIGH(__GLOBAL_INI_TBL*2)
                 __GLOBAL_INI_NEXT:
00005e 9185      	LPM  R24,Z+
00005f 9195      	LPM  R25,Z+
000060 9700      	SBIW R24,0
000061 f061      	BREQ __GLOBAL_INI_END
000062 91a5      	LPM  R26,Z+
000063 91b5      	LPM  R27,Z+
000064 9005      	LPM  R0,Z+
000065 9015      	LPM  R1,Z+
000066 01bf      	MOVW R22,R30
000067 01f0      	MOVW R30,R0
                 __GLOBAL_INI_LOOP:
000068 9005      	LPM  R0,Z+
000069 920d      	ST   X+,R0
00006a 9701      	SBIW R24,1
00006b f7e1      	BRNE __GLOBAL_INI_LOOP
00006c 01fb      	MOVW R30,R22
00006d cff0      	RJMP __GLOBAL_INI_NEXT
                 __GLOBAL_INI_END:
                 
                 ;HARDWARE STACK POINTER INITIALIZATION
00006e e5ef      	LDI  R30,LOW(__SRAM_END-__HEAP_SIZE)
00006f bfed      	OUT  SPL,R30
000070 e0e8      	LDI  R30,HIGH(__SRAM_END-__HEAP_SIZE)
000071 bfee      	OUT  SPH,R30
                 
                 ;DATA STACK POINTER INITIALIZATION
000072 e6c0      	LDI  R28,LOW(__SRAM_START+__DSTACK_SIZE)
000073 e0d2      	LDI  R29,HIGH(__SRAM_START+__DSTACK_SIZE)
                 
000074 940c 0076 	JMP  _main
                 
                 	.ESEG
                 	.ORG 0
                 
                 	.DSEG
                 	.ORG 0x260
                 
                 	.CSEG
                 ;/*****************************************************
                 ;This program was produced by the
                 ;CodeWizardAVR V2.05.0 Evaluation
                 ;Automatic Program Generator
                 ;© Copyright 1998-2010 Pavel Haiduc, HP InfoTech s.r.l.
                 ;http://www.hpinfotech.com
                 ;
                 ;Project :
                 ;Version :
                 ;Date    : 11/28/2018
                 ;Author  : Freeware, for evaluation and non-commercial use only
                 ;Company :
                 ;Comments:
                 ;
                 ;
                 ;Chip type               : ATmega32
                 ;Program type            : Application
                 ;AVR Core Clock frequency: 16.000000 MHz
                 ;Memory model            : Small
                 ;External RAM size       : 0
                 ;Data Stack size         : 512
                 ;*****************************************************/
                 ;
                 ;#include <mega32.h>
                 	#ifndef __SLEEP_DEFINED__
                 	#define __SLEEP_DEFINED__
                 	.EQU __se_bit=0x80
                 	.EQU __sm_mask=0x70
                 	.EQU __sm_powerdown=0x20
                 	.EQU __sm_powersave=0x30
                 	.EQU __sm_standby=0x60
                 	.EQU __sm_ext_standby=0x70
                 	.EQU __sm_adc_noise_red=0x10
                 	.SET power_ctrl_reg=mcucr
                 	#endif
                 ;#include <stdlib.h>
                 ;#include <delay.h>
                 ;
                 ;// Alphanumeric LCD Module functions
                 ;#include <alcd.h>
                 ;int move = 0;
                 ;float adc_data;
                 ;float max_v = 3.99;
                 
                 	.DSEG
                 ;float min_v = 2.00;
                 ;char disp[16];
                 ;
                 ;void main(void)
                 ; 0000 0025 {
                 
                 	.CSEG
                 _main:
                 ; 0000 0026 // Declare your local variables here
                 ; 0000 0027 
                 ; 0000 0028 // Input/Output Ports initialization
                 ; 0000 0029 // Port A initialization
                 ; 0000 002A // Func7=In Func6=In Func5=In Func4=In Func3=In Func2=In Func1=In Func0=In
                 ; 0000 002B // State7=T State6=T State5=T State4=T State3=T State2=T State1=T State0=T
                 ; 0000 002C PORTA=0x00;
000076 e0e0      	LDI  R30,LOW(0)
000077 bbeb      	OUT  0x1B,R30
                 ; 0000 002D DDRA=0x00;
000078 bbea      	OUT  0x1A,R30
                 ; 0000 002E 
                 ; 0000 002F // Port B initialization
                 ; 0000 0030 // Func7=In Func6=In Func5=In Func4=In Func3=In Func2=In Func1=In Func0=In
                 ; 0000 0031 // State7=T State6=T State5=T State4=T State3=T State2=T State1=T State0=T
                 ; 0000 0032 PORTB=0x00;
000079 bbe8      	OUT  0x18,R30
                 ; 0000 0033 DDRB=0x00;
00007a bbe7      	OUT  0x17,R30
                 ; 0000 0034 
                 ; 0000 0035 // ADC initialization
                 ; 0000 0036 // ADC Clock frequency: 1000.000 kHz
                 ; 0000 0037 // ADC Voltage Reference: AREF pin
                 ; 0000 0038 ADMUX=0b00000000;
00007b b9e7      	OUT  0x7,R30
                 ; 0000 0039 ADCSRA=(1<<ADEN)|(0<<ADSC)|(0<<ADATE)|(0<<ADIF)|(0<<ADIE)|(1<<ADPS2)|(1<<ADPS1)|(1<<ADPS0);
00007c e8e7      	LDI  R30,LOW(135)
00007d b9e6      	OUT  0x6,R30
                 ; 0000 003A 
                 ; 0000 003B #asm("sei")
00007e 9478      	sei
                 ; 0000 003C PORTD=0x00;
00007f e0e0      	LDI  R30,LOW(0)
000080 bbe2      	OUT  0x12,R30
                 ; 0000 003D DDRD=0x30;
000081 e3e0      	LDI  R30,LOW(48)
000082 bbe1      	OUT  0x11,R30
                 ; 0000 003E 
                 ; 0000 003F TCCR1A=(1<<COM1A1) | (0<<COM1A0) | (1<<COM1B1) | (0<<COM1B0) | (1<<WGM11) | (0<<WGM10);
000083 eae2      	LDI  R30,LOW(162)
000084 bdef      	OUT  0x2F,R30
                 ; 0000 0040 TCCR1B=(0<<ICNC1) | (0<<ICES1) | (1<<WGM13) | (1<<WGM12) | (0<<CS12) | (1<<CS11) | (0<<CS10);
000085 e1ea      	LDI  R30,LOW(26)
000086 bdee      	OUT  0x2E,R30
                 ; 0000 0041 ICR1H=0x9C;
000087 e9ec      	LDI  R30,LOW(156)
000088 bde7      	OUT  0x27,R30
                 ; 0000 0042 ICR1L=0x40;
000089 e4e0      	LDI  R30,LOW(64)
00008a bde6      	OUT  0x26,R30
                 ; 0000 0043 
                 ; 0000 0044 
                 ; 0000 0045 // Alphanumeric LCD initialization
                 ; 0000 0046 // Connections specified in the
                 ; 0000 0047 // Project|Configure|C Compiler|Libraries|Alphanumeric LCD menu:
                 ; 0000 0048 // RS - PORTB Bit 0
                 ; 0000 0049 // RD - PORTB Bit 1
                 ; 0000 004A // EN - PORTB Bit 2
                 ; 0000 004B // D4 - PORTB Bit 4
                 ; 0000 004C // D5 - PORTB Bit 5
                 ; 0000 004D // D6 - PORTB Bit 6
                 ; 0000 004E // D7 - PORTB Bit 7
                 ; 0000 004F // Characters/line: 16
                 ; 0000 0050 lcd_init(16);
00008b e1e0      	LDI  R30,LOW(16)
00008c 93ea      	ST   -Y,R30
00008d 940e 0256 	CALL _lcd_init
                 ; 0000 0051 OCR1A=2000;
00008f ede0      	LDI  R30,LOW(2000)
000090 e0f7      	LDI  R31,HIGH(2000)
000091 bdfb      	OUT  0x2A+1,R31
000092 bdea      	OUT  0x2A,R30
                 ; 0000 0052 OCR1B=2000;
000093 bdf9      	OUT  0x28+1,R31
000094 bde8      	OUT  0x28,R30
                 ; 0000 0053 while (1)
                 _0x5:
                 ; 0000 0054       {
                 ; 0000 0055         delay_us(10);
                +
000095 e385     +LDI R24 , LOW ( 53 )
                +__DELAY_USB_LOOP :
000096 958a     +DEC R24
000097 f7f1     +BRNE __DELAY_USB_LOOP
                 	__DELAY_USB 53
                 ; 0000 0056         if (OCR1A==4000){
000098 b5ea      	IN   R30,0x2A
000099 b5fb      	IN   R31,0x2A+1
00009a 3ae0      	CPI  R30,LOW(0xFA0)
00009b e0af      	LDI  R26,HIGH(0xFA0)
00009c 07fa      	CPC  R31,R26
00009d f451      	BRNE _0x8
                 ; 0000 0057             OCR1A=2000;
00009e ede0      	LDI  R30,LOW(2000)
00009f e0f7      	LDI  R31,HIGH(2000)
0000a0 bdfb      	OUT  0x2A+1,R31
0000a1 bdea      	OUT  0x2A,R30
                 ; 0000 0058             OCR1B=OCR1B+200;
0000a2 b5e8      	IN   R30,0x28
0000a3 b5f9      	IN   R31,0x28+1
0000a4 53e8      	SUBI R30,LOW(-200)
0000a5 4fff      	SBCI R31,HIGH(-200)
0000a6 bdf9      	OUT  0x28+1,R31
0000a7 bde8      	OUT  0x28,R30
                 ; 0000 0059         }
                 ; 0000 005A         if (OCR1B==4000){
                 _0x8:
0000a8 b5e8      	IN   R30,0x28
0000a9 b5f9      	IN   R31,0x28+1
0000aa 3ae0      	CPI  R30,LOW(0xFA0)
0000ab e0af      	LDI  R26,HIGH(0xFA0)
0000ac 07fa      	CPC  R31,R26
0000ad f421      	BRNE _0x9
                 ; 0000 005B             OCR1B=2000;
0000ae ede0      	LDI  R30,LOW(2000)
0000af e0f7      	LDI  R31,HIGH(2000)
0000b0 bdf9      	OUT  0x28+1,R31
0000b1 bde8      	OUT  0x28,R30
                 ; 0000 005C         }
                 ; 0000 005D         if(move==0)
                 _0x9:
0000b2 2c04      	MOV  R0,R4
0000b3 2805      	OR   R0,R5
0000b4 f429      	BRNE _0xA
                 ; 0000 005E         {
                 ; 0000 005F         OCR1A=OCR1A+20;
0000b5 b5ea      	IN   R30,0x2A
0000b6 b5fb      	IN   R31,0x2A+1
0000b7 9674      	ADIW R30,20
0000b8 bdfb      	OUT  0x2A+1,R31
0000b9 bdea      	OUT  0x2A,R30
                 ; 0000 0060         }
                 ; 0000 0061         ADCSRA |= (1<<ADSC);
                 _0xA:
0000ba 9a36      	SBI  0x6,6
                 ; 0000 0062         while((ADCSRA&(1<<ADIF))==0);
                 _0xB:
0000bb 9b34      	SBIS 0x6,4
0000bc cffe      	RJMP _0xB
                 ; 0000 0063         adc_data=ADCW/204.8;
0000bd b1e4      	IN   R30,0x4
0000be b1f5      	IN   R31,0x4+1
0000bf 2766      	CLR  R22
0000c0 2777      	CLR  R23
0000c1 940e 03ca 	CALL __CDF1
0000c3 01df      	MOVW R26,R30
0000c4 01cb      	MOVW R24,R22
                +
0000c5 eced     +LDI R30 , LOW ( 0x434CCCCD )
0000c6 ecfc     +LDI R31 , HIGH ( 0x434CCCCD )
0000c7 e46c     +LDI R22 , BYTE3 ( 0x434CCCCD )
0000c8 e473     +LDI R23 , BYTE4 ( 0x434CCCCD )
                 	__GETD1N 0x434CCCCD
0000c9 940e 04a2 	CALL __DIVF21
0000cb 93e0 0260 	STS  _adc_data,R30
0000cd 93f0 0261 	STS  _adc_data+1,R31
0000cf 9360 0262 	STS  _adc_data+2,R22
0000d1 9370 0263 	STS  _adc_data+3,R23
                 ; 0000 0064         if(adc_data>=max_v){
0000d3 940e 02da 	CALL SUBOPT_0x0
0000d5 f090      	BRLO _0xE
                 ; 0000 0065             max_v=adc_data;
0000d6 940e 02ed 	CALL SUBOPT_0x1
0000d8 93e0 0264 	STS  _max_v,R30
0000da 93f0 0265 	STS  _max_v+1,R31
0000dc 9360 0266 	STS  _max_v+2,R22
0000de 9370 0267 	STS  _max_v+3,R23
                 ; 0000 0066             move=1;
0000e0 e0e1      	LDI  R30,LOW(1)
0000e1 e0f0      	LDI  R31,HIGH(1)
0000e2 012f      	MOVW R4,R30
                 ; 0000 0067             delay_ms(100);
0000e3 e6e4      	LDI  R30,LOW(100)
0000e4 e0f0      	LDI  R31,HIGH(100)
0000e5 940e 02f6 	CALL SUBOPT_0x2
                 ; 0000 0068         }
                 ; 0000 0069         else if(adc_data>min_v && adc_data<max_v)
0000e7 c01c      	RJMP _0xF
                 _0xE:
0000e8 91e0 0268 	LDS  R30,_min_v
0000ea 91f0 0269 	LDS  R31,_min_v+1
0000ec 9160 026a 	LDS  R22,_min_v+2
0000ee 9170 026b 	LDS  R23,_min_v+3
0000f0 91a0 0260 	LDS  R26,_adc_data
0000f2 91b0 0261 	LDS  R27,_adc_data+1
0000f4 9180 0262 	LDS  R24,_adc_data+2
0000f6 9190 0263 	LDS  R25,_adc_data+3
0000f8 940e 04e7 	CALL __CMPF12
0000fa f009      	BREQ PC+2
0000fb f410      	BRCC PC+3
0000fc 940c 0101 	JMP  _0x11
0000fe 940e 02da 	CALL SUBOPT_0x0
000100 f008      	BRLO _0x12
                 _0x11:
000101 c002      	RJMP _0x10
                 _0x12:
                 ; 0000 006A         {
                 ; 0000 006B             move=0;
000102 2444      	CLR  R4
000103 2455      	CLR  R5
                 ; 0000 006C         }
                 ; 0000 006D         ftoa(adc_data,2,disp);
                 _0x10:
                 _0xF:
000104 940e 02ed 	CALL SUBOPT_0x1
000106 940e 051e 	CALL __PUTPARD1
000108 e0e2      	LDI  R30,LOW(2)
000109 93ea      	ST   -Y,R30
00010a e6ec      	LDI  R30,LOW(_disp)
00010b e0f2      	LDI  R31,HIGH(_disp)
00010c 93fa      	ST   -Y,R31
00010d 93ea      	ST   -Y,R30
00010e 940e 0121 	CALL _ftoa
                 ; 0000 006E         lcd_gotoxy(0,0);
000110 e0e0      	LDI  R30,LOW(0)
000111 93ea      	ST   -Y,R30
000112 93ea      	ST   -Y,R30
000113 940e 0218 	CALL _lcd_gotoxy
                 ; 0000 006F         lcd_puts(disp);
000115 e6ec      	LDI  R30,LOW(_disp)
000116 e0f2      	LDI  R31,HIGH(_disp)
000117 93fa      	ST   -Y,R31
000118 93ea      	ST   -Y,R30
000119 940e 0247 	CALL _lcd_puts
                 ; 0000 0070         delay_ms(300);
00011b e2ec      	LDI  R30,LOW(300)
00011c e0f1      	LDI  R31,HIGH(300)
00011d 940e 02f6 	CALL SUBOPT_0x2
                 ; 0000 0071       }
00011f cf75      	RJMP _0x5
                 ; 0000 0072 }
                 _0x13:
000120 cfff      	RJMP _0x13
                 
                 	.CSEG
                 _ftoa:
000121 9724      	SBIW R28,4
000122 e0e0      	LDI  R30,LOW(0)
000123 83e8      	ST   Y,R30
000124 83e9      	STD  Y+1,R30
000125 83ea      	STD  Y+2,R30
000126 e3ef      	LDI  R30,LOW(63)
000127 83eb      	STD  Y+3,R30
000128 931a      	ST   -Y,R17
000129 930a      	ST   -Y,R16
00012a 85eb      	LDD  R30,Y+11
00012b 85fc      	LDD  R31,Y+11+1
00012c 3fef      	CPI  R30,LOW(0xFFFF)
00012d efaf      	LDI  R26,HIGH(0xFFFF)
00012e 07fa      	CPC  R31,R26
00012f f439      	BRNE _0x200000D
000130 940e 02fa 	CALL SUBOPT_0x3
                +
000132 e6e0     +LDI R30 , LOW ( 2 * _0x2000000 + ( 0 ) )
000133 e0f0     +LDI R31 , HIGH ( 2 * _0x2000000 + ( 0 ) )
                 	__POINTW1FN _0x2000000,0
000134 940e 02ff 	CALL SUBOPT_0x4
000136 c0ab      	RJMP _0x20A0004
                 _0x200000D:
000137 3fef      	CPI  R30,LOW(0x7FFF)
000138 e7af      	LDI  R26,HIGH(0x7FFF)
000139 07fa      	CPC  R31,R26
00013a f439      	BRNE _0x200000C
00013b 940e 02fa 	CALL SUBOPT_0x3
                +
00013d e6e1     +LDI R30 , LOW ( 2 * _0x2000000 + ( 1 ) )
00013e e0f0     +LDI R31 , HIGH ( 2 * _0x2000000 + ( 1 ) )
                 	__POINTW1FN _0x2000000,1
00013f 940e 02ff 	CALL SUBOPT_0x4
000141 c0a0      	RJMP _0x20A0004
                 _0x200000C:
000142 85ac      	LDD  R26,Y+12
000143 23aa      	TST  R26
000144 f462      	BRPL _0x200000F
                +
000145 85e9     +LDD R30 , Y + 9
000146 85fa     +LDD R31 , Y + 9 + 1
000147 856b     +LDD R22 , Y + 9 + 2
000148 857c     +LDD R23 , Y + 9 + 3
                 	__GETD1S 9
000149 940e 035e 	CALL __ANEGF1
00014b 940e 0303 	CALL SUBOPT_0x5
00014d 940e 0308 	CALL SUBOPT_0x6
00014f e2ed      	LDI  R30,LOW(45)
000150 93ec      	ST   X,R30
                 _0x200000F:
000151 85a8      	LDD  R26,Y+8
000152 30a7      	CPI  R26,LOW(0x7)
000153 f010      	BRLO _0x2000010
000154 e0e6      	LDI  R30,LOW(6)
000155 87e8      	STD  Y+8,R30
                 _0x2000010:
000156 8518      	LDD  R17,Y+8
                 _0x2000011:
000157 2fe1      	MOV  R30,R17
000158 5011      	SUBI R17,1
000159 30e0      	CPI  R30,0
00015a f039      	BREQ _0x2000013
00015b 940e 030f 	CALL SUBOPT_0x7
00015d 940e 0314 	CALL SUBOPT_0x8
00015f 940e 031b 	CALL SUBOPT_0x9
000161 cff5      	RJMP _0x2000011
                 _0x2000013:
000162 940e 0320 	CALL SUBOPT_0xA
000164 940e 0404 	CALL __ADDF12
000166 940e 0303 	CALL SUBOPT_0x5
000168 e010      	LDI  R17,LOW(0)
                +
000169 e0e0     +LDI R30 , LOW ( 0x3F800000 )
00016a e0f0     +LDI R31 , HIGH ( 0x3F800000 )
00016b e860     +LDI R22 , BYTE3 ( 0x3F800000 )
00016c e37f     +LDI R23 , BYTE4 ( 0x3F800000 )
                 	__GETD1N 0x3F800000
00016d 940e 031b 	CALL SUBOPT_0x9
                 _0x2000014:
00016f 940e 0320 	CALL SUBOPT_0xA
000171 940e 04e7 	CALL __CMPF12
000173 f088      	BRLO _0x2000016
000174 940e 030f 	CALL SUBOPT_0x7
000176 940e 0329 	CALL SUBOPT_0xB
000178 940e 031b 	CALL SUBOPT_0x9
00017a 5f1f      	SUBI R17,-LOW(1)
00017b 3217      	CPI  R17,39
00017c f038      	BRLO _0x2000017
00017d 940e 02fa 	CALL SUBOPT_0x3
                +
00017f e6e5     +LDI R30 , LOW ( 2 * _0x2000000 + ( 5 ) )
000180 e0f0     +LDI R31 , HIGH ( 2 * _0x2000000 + ( 5 ) )
                 	__POINTW1FN _0x2000000,5
000181 940e 02ff 	CALL SUBOPT_0x4
000183 c05e      	RJMP _0x20A0004
                 _0x2000017:
000184 cfea      	RJMP _0x2000014
                 _0x2000016:
000185 3010      	CPI  R17,0
000186 f429      	BRNE _0x2000018
000187 940e 0308 	CALL SUBOPT_0x6
000189 e3e0      	LDI  R30,LOW(48)
00018a 93ec      	ST   X,R30
00018b c02c      	RJMP _0x2000019
                 _0x2000018:
                 _0x200001A:
00018c 2fe1      	MOV  R30,R17
00018d 5011      	SUBI R17,1
00018e 30e0      	CPI  R30,0
00018f f141      	BREQ _0x200001C
000190 940e 030f 	CALL SUBOPT_0x7
000192 940e 0314 	CALL SUBOPT_0x8
                +
000194 e0a0     +LDI R26 , LOW ( 0x3F000000 )
000195 e0b0     +LDI R27 , HIGH ( 0x3F000000 )
000196 e080     +LDI R24 , BYTE3 ( 0x3F000000 )
000197 e39f     +LDI R25 , BYTE4 ( 0x3F000000 )
                 	__GETD2N 0x3F000000
000198 940e 0404 	CALL __ADDF12
00019a 940e 051e 	CALL __PUTPARD1
00019c 940e 02b8 	CALL _floor
00019e 940e 031b 	CALL SUBOPT_0x9
0001a0 940e 0320 	CALL SUBOPT_0xA
0001a2 940e 04a2 	CALL __DIVF21
0001a4 940e 0391 	CALL __CFD1U
0001a6 2f0e      	MOV  R16,R30
0001a7 940e 0308 	CALL SUBOPT_0x6
0001a9 940e 0330 	CALL SUBOPT_0xC
0001ab 940e 030f 	CALL SUBOPT_0x7
0001ad 940e 050f 	CALL __CWD1
0001af 940e 03ca 	CALL __CDF1
0001b1 940e 0454 	CALL __MULF12
0001b3 940e 0336 	CALL SUBOPT_0xD
0001b5 940e 033b 	CALL SUBOPT_0xE
0001b7 cfd4      	RJMP _0x200001A
                 _0x200001C:
                 _0x2000019:
0001b8 85e8      	LDD  R30,Y+8
0001b9 30e0      	CPI  R30,0
0001ba f119      	BREQ _0x20A0003
0001bb 940e 0308 	CALL SUBOPT_0x6
0001bd e2ee      	LDI  R30,LOW(46)
0001be 93ec      	ST   X,R30
                 _0x200001E:
0001bf 85e8      	LDD  R30,Y+8
0001c0 50e1      	SUBI R30,LOW(1)
0001c1 87e8      	STD  Y+8,R30
0001c2 5fef      	SUBI R30,-LOW(1)
0001c3 f0d1      	BREQ _0x2000020
0001c4 940e 0336 	CALL SUBOPT_0xD
0001c6 940e 0329 	CALL SUBOPT_0xB
0001c8 940e 0303 	CALL SUBOPT_0x5
                +
0001ca 85e9     +LDD R30 , Y + 9
0001cb 85fa     +LDD R31 , Y + 9 + 1
0001cc 856b     +LDD R22 , Y + 9 + 2
0001cd 857c     +LDD R23 , Y + 9 + 3
                 	__GETD1S 9
0001ce 940e 0391 	CALL __CFD1U
0001d0 2f0e      	MOV  R16,R30
0001d1 940e 0308 	CALL SUBOPT_0x6
0001d3 940e 0330 	CALL SUBOPT_0xC
0001d5 940e 0336 	CALL SUBOPT_0xD
0001d7 940e 050f 	CALL __CWD1
0001d9 940e 03ca 	CALL __CDF1
0001db 940e 033b 	CALL SUBOPT_0xE
0001dd cfe1      	RJMP _0x200001E
                 _0x2000020:
                 _0x20A0003:
0001de 81ae      	LDD  R26,Y+6
0001df 81bf      	LDD  R27,Y+6+1
0001e0 e0e0      	LDI  R30,LOW(0)
0001e1 93ec      	ST   X,R30
                 _0x20A0004:
0001e2 8119      	LDD  R17,Y+1
0001e3 8108      	LDD  R16,Y+0
0001e4 962d      	ADIW R28,13
0001e5 9508      	RET
                 
                 	.DSEG
                 
                 	.CSEG
                 	#ifndef __SLEEP_DEFINED__
                 	#endif
                 
                 	.DSEG
                 
                 	.CSEG
                 __lcd_write_nibble_G101:
0001e6 81e8      	LD   R30,Y
0001e7 71e0      	ANDI R30,LOW(0x10)
0001e8 f011      	BREQ _0x2020004
0001e9 9ac4      	SBI  0x18,4
0001ea c001      	RJMP _0x2020005
                 _0x2020004:
0001eb 98c4      	CBI  0x18,4
                 _0x2020005:
0001ec 81e8      	LD   R30,Y
0001ed 72e0      	ANDI R30,LOW(0x20)
0001ee f011      	BREQ _0x2020006
0001ef 9ac5      	SBI  0x18,5
0001f0 c001      	RJMP _0x2020007
                 _0x2020006:
0001f1 98c5      	CBI  0x18,5
                 _0x2020007:
0001f2 81e8      	LD   R30,Y
0001f3 74e0      	ANDI R30,LOW(0x40)
0001f4 f011      	BREQ _0x2020008
0001f5 9ac6      	SBI  0x18,6
0001f6 c001      	RJMP _0x2020009
                 _0x2020008:
0001f7 98c6      	CBI  0x18,6
                 _0x2020009:
0001f8 81e8      	LD   R30,Y
0001f9 78e0      	ANDI R30,LOW(0x80)
0001fa f011      	BREQ _0x202000A
0001fb 9ac7      	SBI  0x18,7
0001fc c001      	RJMP _0x202000B
                 _0x202000A:
0001fd 98c7      	CBI  0x18,7
                 _0x202000B:
                +
0001fe e08b     +LDI R24 , LOW ( 11 )
                +__DELAY_USB_LOOP :
0001ff 958a     +DEC R24
000200 f7f1     +BRNE __DELAY_USB_LOOP
                 	__DELAY_USB 11
000201 9ac2      	SBI  0x18,2
                +
000202 e18b     +LDI R24 , LOW ( 27 )
                +__DELAY_USB_LOOP :
000203 958a     +DEC R24
000204 f7f1     +BRNE __DELAY_USB_LOOP
                 	__DELAY_USB 27
000205 98c2      	CBI  0x18,2
                +
000206 e18b     +LDI R24 , LOW ( 27 )
                +__DELAY_USB_LOOP :
000207 958a     +DEC R24
000208 f7f1     +BRNE __DELAY_USB_LOOP
                 	__DELAY_USB 27
000209 c07d      	RJMP _0x20A0002
                 __lcd_write_data:
00020a 81e8      	LD   R30,Y
00020b 93ea      	ST   -Y,R30
00020c dfd9      	RCALL __lcd_write_nibble_G101
00020d 81e8          ld    r30,y
00020e 95e2          swap  r30
00020f 83e8          st    y,r30
000210 81e8      	LD   R30,Y
000211 93ea      	ST   -Y,R30
000212 dfd3      	RCALL __lcd_write_nibble_G101
                +
000213 ec88     +LDI R24 , LOW ( 200 )
000214 e090     +LDI R25 , HIGH ( 200 )
                +__DELAY_USW_LOOP :
000215 9701     +SBIW R24 , 1
000216 f7f1     +BRNE __DELAY_USW_LOOP
                 	__DELAY_USW 200
000217 c06f      	RJMP _0x20A0002
                 _lcd_gotoxy:
000218 81e8      	LD   R30,Y
000219 e0f0      	LDI  R31,0
00021a 58e0      	SUBI R30,LOW(-__base_y_G101)
00021b 4ffd      	SBCI R31,HIGH(-__base_y_G101)
00021c 81e0      	LD   R30,Z
00021d 81a9      	LDD  R26,Y+1
00021e 0fea      	ADD  R30,R26
00021f 93ea      	ST   -Y,R30
000220 dfe9      	RCALL __lcd_write_data
000221 8079      	LDD  R7,Y+1
000222 8068      	LDD  R6,Y+0
000223 9622      	ADIW R28,2
000224 9508      	RET
                 _lcd_clear:
000225 e0e2      	LDI  R30,LOW(2)
000226 940e 0340 	CALL SUBOPT_0xF
000228 e0ec      	LDI  R30,LOW(12)
000229 93ea      	ST   -Y,R30
00022a dfdf      	RCALL __lcd_write_data
00022b e0e1      	LDI  R30,LOW(1)
00022c 940e 0340 	CALL SUBOPT_0xF
00022e e0e0      	LDI  R30,LOW(0)
00022f 2e6e      	MOV  R6,R30
000230 2e7e      	MOV  R7,R30
000231 9508      	RET
                 _lcd_putchar:
000232 81a8      	LD   R26,Y
000233 30aa      	CPI  R26,LOW(0xA)
000234 f011      	BREQ _0x2020011
000235 1479      	CP   R7,R9
000236 f048      	BRLO _0x2020010
                 _0x2020011:
000237 e0e0      	LDI  R30,LOW(0)
000238 93ea      	ST   -Y,R30
000239 9463      	INC  R6
00023a 926a      	ST   -Y,R6
00023b dfdc      	RCALL _lcd_gotoxy
00023c 81a8      	LD   R26,Y
00023d 30aa      	CPI  R26,LOW(0xA)
00023e f409      	BRNE _0x2020013
00023f c047      	RJMP _0x20A0002
                 _0x2020013:
                 _0x2020010:
000240 9473      	INC  R7
000241 9ac0      	SBI  0x18,0
000242 81e8      	LD   R30,Y
000243 93ea      	ST   -Y,R30
000244 dfc5      	RCALL __lcd_write_data
000245 98c0      	CBI  0x18,0
000246 c040      	RJMP _0x20A0002
                 _lcd_puts:
000247 931a      	ST   -Y,R17
                 _0x2020014:
000248 81a9      	LDD  R26,Y+1
000249 81ba      	LDD  R27,Y+1+1
00024a 91ed      	LD   R30,X+
00024b 83a9      	STD  Y+1,R26
00024c 83ba      	STD  Y+1+1,R27
00024d 2f1e      	MOV  R17,R30
00024e 30e0      	CPI  R30,0
00024f f019      	BREQ _0x2020016
000250 931a      	ST   -Y,R17
000251 dfe0      	RCALL _lcd_putchar
000252 cff5      	RJMP _0x2020014
                 _0x2020016:
000253 8118      	LDD  R17,Y+0
000254 9623      	ADIW R28,3
000255 9508      	RET
                 _lcd_init:
000256 9abc      	SBI  0x17,4
000257 9abd      	SBI  0x17,5
000258 9abe      	SBI  0x17,6
000259 9abf      	SBI  0x17,7
00025a 9aba      	SBI  0x17,2
00025b 9ab8      	SBI  0x17,0
00025c 9ab9      	SBI  0x17,1
00025d 98c2      	CBI  0x18,2
00025e 98c0      	CBI  0x18,0
00025f 98c1      	CBI  0x18,1
000260 8098      	LDD  R9,Y+0
000261 81e8      	LD   R30,Y
000262 58e0      	SUBI R30,-LOW(128)
                +
000263 93e0 0282+STS __base_y_G101 + ( 2 ) , R30
                 	__PUTB1MN __base_y_G101,2
000265 81e8      	LD   R30,Y
000266 54e0      	SUBI R30,-LOW(192)
                +
000267 93e0 0283+STS __base_y_G101 + ( 3 ) , R30
                 	__PUTB1MN __base_y_G101,3
000269 e1e4      	LDI  R30,LOW(20)
00026a e0f0      	LDI  R31,HIGH(20)
00026b 940e 02f6 	CALL SUBOPT_0x2
00026d 940e 0346 	CALL SUBOPT_0x10
00026f 940e 0346 	CALL SUBOPT_0x10
000271 940e 0346 	CALL SUBOPT_0x10
000273 e2e0      	LDI  R30,LOW(32)
000274 93ea      	ST   -Y,R30
000275 df70      	RCALL __lcd_write_nibble_G101
                +
000276 e980     +LDI R24 , LOW ( 400 )
000277 e091     +LDI R25 , HIGH ( 400 )
                +__DELAY_USW_LOOP :
000278 9701     +SBIW R24 , 1
000279 f7f1     +BRNE __DELAY_USW_LOOP
                 	__DELAY_USW 400
00027a e2e8      	LDI  R30,LOW(40)
00027b 93ea      	ST   -Y,R30
00027c df8d      	RCALL __lcd_write_data
00027d e0e4      	LDI  R30,LOW(4)
00027e 93ea      	ST   -Y,R30
00027f df8a      	RCALL __lcd_write_data
000280 e8e5      	LDI  R30,LOW(133)
000281 93ea      	ST   -Y,R30
000282 df87      	RCALL __lcd_write_data
000283 e0e6      	LDI  R30,LOW(6)
000284 93ea      	ST   -Y,R30
000285 df84      	RCALL __lcd_write_data
000286 df9e      	RCALL _lcd_clear
                 _0x20A0002:
000287 9621      	ADIW R28,1
000288 9508      	RET
                 
                 	.CSEG
                 
                 	.CSEG
                 _ftrunc:
000289 817b         ldd  r23,y+3
00028a 816a         ldd  r22,y+2
00028b 81f9         ldd  r31,y+1
00028c 81e8         ld   r30,y
00028d fb77         bst  r23,7
00028e 0f77         lsl  r23
00028f fd67         sbrc r22,7
000290 6071         sbr  r23,1
000291 2f97         mov  r25,r23
000292 579e         subi r25,0x7e
000293 f081         breq __ftrunc0
000294 f078         brcs __ftrunc0
000295 3198         cpi  r25,24
000296 f490         brsh __ftrunc1
000297 27aa         clr  r26
000298 27bb         clr  r27
000299 2788         clr  r24
                 __ftrunc2:
00029a 9408         sec
00029b 9587         ror  r24
00029c 95b7         ror  r27
00029d 95a7         ror  r26
00029e 959a         dec  r25
00029f f7d1         brne __ftrunc2
0002a0 23ea         and  r30,r26
0002a1 23fb         and  r31,r27
0002a2 2368         and  r22,r24
0002a3 c005         rjmp __ftrunc1
                 __ftrunc0:
0002a4 94e8         clt
0002a5 2777         clr  r23
0002a6 27ee         clr  r30
0002a7 27ff         clr  r31
0002a8 2766         clr  r22
                 __ftrunc1:
0002a9 776f         cbr  r22,0x80
0002aa 9576         lsr  r23
0002ab f408         brcc __ftrunc3
0002ac 6860         sbr  r22,0x80
                 __ftrunc3:
0002ad f977         bld  r23,7
0002ae 91a9         ld   r26,y+
0002af 91b9         ld   r27,y+
0002b0 9189         ld   r24,y+
0002b1 9199         ld   r25,y+
0002b2 17ea         cp   r30,r26
0002b3 07fb         cpc  r31,r27
0002b4 0768         cpc  r22,r24
0002b5 0779         cpc  r23,r25
0002b6 fb97         bst  r25,7
0002b7 9508         ret
                 _floor:
0002b8 940e 034f 	CALL SUBOPT_0x11
0002ba 940e 051e 	CALL __PUTPARD1
0002bc 940e 0289 	CALL _ftrunc
0002be 940e 0519 	CALL __PUTD1S0
0002c0 f419          brne __floor1
                 __floor0:
0002c1 940e 034f 	CALL SUBOPT_0x11
0002c3 c009      	RJMP _0x20A0001
                 __floor1:
0002c4 f7e6          brtc __floor0
0002c5 940e 034f 	CALL SUBOPT_0x11
                +
0002c7 e0a0     +LDI R26 , LOW ( 0x3F800000 )
0002c8 e0b0     +LDI R27 , HIGH ( 0x3F800000 )
0002c9 e880     +LDI R24 , BYTE3 ( 0x3F800000 )
0002ca e39f     +LDI R25 , BYTE4 ( 0x3F800000 )
                 	__GETD2N 0x3F800000
0002cb 940e 03fd 	CALL __SUBF12
                 _0x20A0001:
0002cd 9624      	ADIW R28,4
0002ce 9508      	RET
                 
                 	.CSEG
                 _strcpyf:
0002cf 91e9          ld   r30,y+
0002d0 91f9          ld   r31,y+
0002d1 91a9          ld   r26,y+
0002d2 91b9          ld   r27,y+
0002d3 01cd          movw r24,r26
                 strcpyf0:
0002d4 9005      	lpm  r0,z+
0002d5 920d          st   x+,r0
0002d6 2000          tst  r0
0002d7 f7e1          brne strcpyf0
0002d8 01fc          movw r30,r24
0002d9 9508          ret
                 
                 	.DSEG
                 _adc_data:
000260           	.BYTE 0x4
                 _max_v:
000264           	.BYTE 0x4
                 _min_v:
000268           	.BYTE 0x4
                 _disp:
00026c           	.BYTE 0x10
                 __seed_G100:
00027c           	.BYTE 0x4
                 __base_y_G101:
000280           	.BYTE 0x4
                 
                 	.CSEG
                 ;OPTIMIZER ADDED SUBROUTINE, CALLED 2 TIMES, CODE SIZE REDUCTION:13 WORDS
                 SUBOPT_0x0:
0002da 91e0 0264 	LDS  R30,_max_v
0002dc 91f0 0265 	LDS  R31,_max_v+1
0002de 9160 0266 	LDS  R22,_max_v+2
0002e0 9170 0267 	LDS  R23,_max_v+3
0002e2 91a0 0260 	LDS  R26,_adc_data
0002e4 91b0 0261 	LDS  R27,_adc_data+1
0002e6 9180 0262 	LDS  R24,_adc_data+2
0002e8 9190 0263 	LDS  R25,_adc_data+3
0002ea 940e 04e7 	CALL __CMPF12
0002ec 9508      	RET
                 
                 ;OPTIMIZER ADDED SUBROUTINE, CALLED 2 TIMES, CODE SIZE REDUCTION:3 WORDS
                 SUBOPT_0x1:
0002ed 91e0 0260 	LDS  R30,_adc_data
0002ef 91f0 0261 	LDS  R31,_adc_data+1
0002f1 9160 0262 	LDS  R22,_adc_data+2
0002f3 9170 0263 	LDS  R23,_adc_data+3
0002f5 9508      	RET
                 
                 ;OPTIMIZER ADDED SUBROUTINE, CALLED 5 TIMES, CODE SIZE REDUCTION:5 WORDS
                 SUBOPT_0x2:
0002f6 93fa      	ST   -Y,R31
0002f7 93ea      	ST   -Y,R30
0002f8 940c 0352 	JMP  _delay_ms
                 
                 ;OPTIMIZER ADDED SUBROUTINE, CALLED 3 TIMES, CODE SIZE REDUCTION:1 WORDS
                 SUBOPT_0x3:
0002fa 81ee      	LDD  R30,Y+6
0002fb 81ff      	LDD  R31,Y+6+1
0002fc 93fa      	ST   -Y,R31
0002fd 93ea      	ST   -Y,R30
0002fe 9508      	RET
                 
                 ;OPTIMIZER ADDED SUBROUTINE, CALLED 3 TIMES, CODE SIZE REDUCTION:1 WORDS
                 SUBOPT_0x4:
0002ff 93fa      	ST   -Y,R31
000300 93ea      	ST   -Y,R30
000301 940c 02cf 	JMP  _strcpyf
                 
                 ;OPTIMIZER ADDED SUBROUTINE, CALLED 5 TIMES, CODE SIZE REDUCTION:5 WORDS
                 SUBOPT_0x5:
                +
000303 87e9     +STD Y + 9 , R30
000304 87fa     +STD Y + 9 + 1 , R31
000305 876b     +STD Y + 9 + 2 , R22
000306 877c     +STD Y + 9 + 3 , R23
                 	__PUTD1S 9
000307 9508      	RET
                 
                 ;OPTIMIZER ADDED SUBROUTINE, CALLED 5 TIMES, CODE SIZE REDUCTION:13 WORDS
                 SUBOPT_0x6:
000308 81ae      	LDD  R26,Y+6
000309 81bf      	LDD  R27,Y+6+1
00030a 9611      	ADIW R26,1
00030b 83ae      	STD  Y+6,R26
00030c 83bf      	STD  Y+6+1,R27
00030d 9711      	SBIW R26,1
00030e 9508      	RET
                 
                 ;OPTIMIZER ADDED SUBROUTINE, CALLED 4 TIMES, CODE SIZE REDUCTION:3 WORDS
                 SUBOPT_0x7:
                +
00030f 81aa     +LDD R26 , Y + 2
000310 81bb     +LDD R27 , Y + 2 + 1
000311 818c     +LDD R24 , Y + 2 + 2
000312 819d     +LDD R25 , Y + 2 + 3
                 	__GETD2S 2
000313 9508      	RET
                 
                 ;OPTIMIZER ADDED SUBROUTINE, CALLED 2 TIMES, CODE SIZE REDUCTION:1 WORDS
                 SUBOPT_0x8:
                +
000314 eced     +LDI R30 , LOW ( 0x3DCCCCCD )
000315 ecfc     +LDI R31 , HIGH ( 0x3DCCCCCD )
000316 ec6c     +LDI R22 , BYTE3 ( 0x3DCCCCCD )
000317 e37d     +LDI R23 , BYTE4 ( 0x3DCCCCCD )
                 	__GETD1N 0x3DCCCCCD
000318 940e 0454 	CALL __MULF12
00031a 9508      	RET
                 
                 ;OPTIMIZER ADDED SUBROUTINE, CALLED 4 TIMES, CODE SIZE REDUCTION:3 WORDS
                 SUBOPT_0x9:
                +
00031b 83ea     +STD Y + 2 , R30
00031c 83fb     +STD Y + 2 + 1 , R31
00031d 836c     +STD Y + 2 + 2 , R22
00031e 837d     +STD Y + 2 + 3 , R23
                 	__PUTD1S 2
00031f 9508      	RET
                 
                 ;OPTIMIZER ADDED SUBROUTINE, CALLED 3 TIMES, CODE SIZE REDUCTION:9 WORDS
                 SUBOPT_0xA:
                +
000320 81ea     +LDD R30 , Y + 2
000321 81fb     +LDD R31 , Y + 2 + 1
000322 816c     +LDD R22 , Y + 2 + 2
000323 817d     +LDD R23 , Y + 2 + 3
                 	__GETD1S 2
                +
000324 85a9     +LDD R26 , Y + 9
000325 85ba     +LDD R27 , Y + 9 + 1
000326 858b     +LDD R24 , Y + 9 + 2
000327 859c     +LDD R25 , Y + 9 + 3
                 	__GETD2S 9
000328 9508      	RET
                 
                 ;OPTIMIZER ADDED SUBROUTINE, CALLED 2 TIMES, CODE SIZE REDUCTION:1 WORDS
                 SUBOPT_0xB:
                +
000329 e0e0     +LDI R30 , LOW ( 0x41200000 )
00032a e0f0     +LDI R31 , HIGH ( 0x41200000 )
00032b e260     +LDI R22 , BYTE3 ( 0x41200000 )
00032c e471     +LDI R23 , BYTE4 ( 0x41200000 )
                 	__GETD1N 0x41200000
00032d 940e 0454 	CALL __MULF12
00032f 9508      	RET
                 
                 ;OPTIMIZER ADDED SUBROUTINE, CALLED 2 TIMES, CODE SIZE REDUCTION:2 WORDS
                 SUBOPT_0xC:
000330 2fe0      	MOV  R30,R16
000331 5de0      	SUBI R30,-LOW(48)
000332 93ec      	ST   X,R30
000333 2fe0      	MOV  R30,R16
000334 e0f0      	LDI  R31,0
000335 9508      	RET
                 
                 ;OPTIMIZER ADDED SUBROUTINE, CALLED 3 TIMES, CODE SIZE REDUCTION:1 WORDS
                 SUBOPT_0xD:
                +
000336 85a9     +LDD R26 , Y + 9
000337 85ba     +LDD R27 , Y + 9 + 1
000338 858b     +LDD R24 , Y + 9 + 2
000339 859c     +LDD R25 , Y + 9 + 3
                 	__GETD2S 9
00033a 9508      	RET
                 
                 ;OPTIMIZER ADDED SUBROUTINE, CALLED 2 TIMES, CODE SIZE REDUCTION:1 WORDS
                 SUBOPT_0xE:
00033b 940e 0523 	CALL __SWAPD12
00033d 940e 03fd 	CALL __SUBF12
00033f cfc3      	RJMP SUBOPT_0x5
                 
                 ;OPTIMIZER ADDED SUBROUTINE, CALLED 2 TIMES, CODE SIZE REDUCTION:2 WORDS
                 SUBOPT_0xF:
000340 93ea      	ST   -Y,R30
000341 940e 020a 	CALL __lcd_write_data
000343 e0e3      	LDI  R30,LOW(3)
000344 e0f0      	LDI  R31,HIGH(3)
000345 cfb0      	RJMP SUBOPT_0x2
                 
                 ;OPTIMIZER ADDED SUBROUTINE, CALLED 3 TIMES, CODE SIZE REDUCTION:9 WORDS
                 SUBOPT_0x10:
000346 e3e0      	LDI  R30,LOW(48)
000347 93ea      	ST   -Y,R30
000348 940e 01e6 	CALL __lcd_write_nibble_G101
                +
00034a e980     +LDI R24 , LOW ( 400 )
00034b e091     +LDI R25 , HIGH ( 400 )
                +__DELAY_USW_LOOP :
00034c 9701     +SBIW R24 , 1
00034d f7f1     +BRNE __DELAY_USW_LOOP
                 	__DELAY_USW 400
00034e 9508      	RET
                 
                 ;OPTIMIZER ADDED SUBROUTINE, CALLED 3 TIMES, CODE SIZE REDUCTION:1 WORDS
                 SUBOPT_0x11:
00034f 940e 0514 	CALL __GETD1S0
000351 9508      	RET
                 
                 
                 	.CSEG
                 _delay_ms:
000352 91e9      	ld   r30,y+
000353 91f9      	ld   r31,y+
000354 9630      	adiw r30,0
000355 f039      	breq __delay_ms1
                 __delay_ms0:
                +
000356 ea80     +LDI R24 , LOW ( 0xFA0 )
000357 e09f     +LDI R25 , HIGH ( 0xFA0 )
                +__DELAY_USW_LOOP :
000358 9701     +SBIW R24 , 1
000359 f7f1     +BRNE __DELAY_USW_LOOP
                 	__DELAY_USW 0xFA0
00035a 95a8      	wdr
00035b 9731      	sbiw r30,1
00035c f7c9      	brne __delay_ms0
                 __delay_ms1:
00035d 9508      	ret
                 
                 __ANEGF1:
00035e 9730      	SBIW R30,0
00035f 4060      	SBCI R22,0
000360 4070      	SBCI R23,0
000361 f009      	BREQ __ANEGF10
000362 5870      	SUBI R23,0x80
                 __ANEGF10:
000363 9508      	RET
                 
                 __ROUND_REPACK:
000364 2355      	TST  R21
000365 f442      	BRPL __REPACK
000366 3850      	CPI  R21,0x80
000367 f411      	BRNE __ROUND_REPACK0
000368 ffe0      	SBRS R30,0
000369 c004      	RJMP __REPACK
                 __ROUND_REPACK0:
00036a 9631      	ADIW R30,1
00036b 1f69      	ADC  R22,R25
00036c 1f79      	ADC  R23,R25
00036d f06b      	BRVS __REPACK1
                 
                 __REPACK:
00036e e850      	LDI  R21,0x80
00036f 2757      	EOR  R21,R23
000370 f411      	BRNE __REPACK0
000371 935f      	PUSH R21
000372 c0cf      	RJMP __ZERORES
                 __REPACK0:
000373 3f5f      	CPI  R21,0xFF
000374 f031      	BREQ __REPACK1
000375 0f66      	LSL  R22
000376 0c00      	LSL  R0
000377 9557      	ROR  R21
000378 9567      	ROR  R22
000379 2f75      	MOV  R23,R21
00037a 9508      	RET
                 __REPACK1:
00037b 935f      	PUSH R21
00037c 2000      	TST  R0
00037d f00a      	BRMI __REPACK2
00037e c0cf      	RJMP __MAXRES
                 __REPACK2:
00037f c0c8      	RJMP __MINRES
                 
                 __UNPACK:
000380 e850      	LDI  R21,0x80
000381 2e19      	MOV  R1,R25
000382 2215      	AND  R1,R21
000383 0f88      	LSL  R24
000384 1f99      	ROL  R25
000385 2795      	EOR  R25,R21
000386 0f55      	LSL  R21
000387 9587      	ROR  R24
                 
                 __UNPACK1:
000388 e850      	LDI  R21,0x80
000389 2e07      	MOV  R0,R23
00038a 2205      	AND  R0,R21
00038b 0f66      	LSL  R22
00038c 1f77      	ROL  R23
00038d 2775      	EOR  R23,R21
00038e 0f55      	LSL  R21
00038f 9567      	ROR  R22
000390 9508      	RET
                 
                 __CFD1U:
000391 9468      	SET
000392 c001      	RJMP __CFD1U0
                 __CFD1:
000393 94e8      	CLT
                 __CFD1U0:
000394 935f      	PUSH R21
000395 dff2      	RCALL __UNPACK1
000396 3870      	CPI  R23,0x80
000397 f018      	BRLO __CFD10
000398 3f7f      	CPI  R23,0xFF
000399 f408      	BRCC __CFD10
00039a c0a7      	RJMP __ZERORES
                 __CFD10:
00039b e156      	LDI  R21,22
00039c 1b57      	SUB  R21,R23
00039d f4aa      	BRPL __CFD11
00039e 9551      	NEG  R21
00039f 3058      	CPI  R21,8
0003a0 f40e      	BRTC __CFD19
0003a1 3059      	CPI  R21,9
                 __CFD19:
0003a2 f030      	BRLO __CFD17
0003a3 efef      	SER  R30
0003a4 efff      	SER  R31
0003a5 ef6f      	SER  R22
0003a6 e77f      	LDI  R23,0x7F
0003a7 f977      	BLD  R23,7
0003a8 c01a      	RJMP __CFD15
                 __CFD17:
0003a9 2777      	CLR  R23
0003aa 2355      	TST  R21
0003ab f0b9      	BREQ __CFD15
                 __CFD18:
0003ac 0fee      	LSL  R30
0003ad 1fff      	ROL  R31
0003ae 1f66      	ROL  R22
0003af 1f77      	ROL  R23
0003b0 955a      	DEC  R21
0003b1 f7d1      	BRNE __CFD18
0003b2 c010      	RJMP __CFD15
                 __CFD11:
0003b3 2777      	CLR  R23
                 __CFD12:
0003b4 3058      	CPI  R21,8
0003b5 f028      	BRLO __CFD13
0003b6 2fef      	MOV  R30,R31
0003b7 2ff6      	MOV  R31,R22
0003b8 2f67      	MOV  R22,R23
0003b9 5058      	SUBI R21,8
0003ba cff9      	RJMP __CFD12
                 __CFD13:
0003bb 2355      	TST  R21
0003bc f031      	BREQ __CFD15
                 __CFD14:
0003bd 9576      	LSR  R23
0003be 9567      	ROR  R22
0003bf 95f7      	ROR  R31
0003c0 95e7      	ROR  R30
0003c1 955a      	DEC  R21
0003c2 f7d1      	BRNE __CFD14
                 __CFD15:
0003c3 2000      	TST  R0
0003c4 f40a      	BRPL __CFD16
0003c5 d141      	RCALL __ANEGD1
                 __CFD16:
0003c6 915f      	POP  R21
0003c7 9508      	RET
                 
                 __CDF1U:
0003c8 9468      	SET
0003c9 c001      	RJMP __CDF1U0
                 __CDF1:
0003ca 94e8      	CLT
                 __CDF1U0:
0003cb 9730      	SBIW R30,0
0003cc 4060      	SBCI R22,0
0003cd 4070      	SBCI R23,0
0003ce f0b1      	BREQ __CDF10
0003cf 2400      	CLR  R0
0003d0 f026      	BRTS __CDF11
0003d1 2377      	TST  R23
0003d2 f412      	BRPL __CDF11
0003d3 9400      	COM  R0
0003d4 d132      	RCALL __ANEGD1
                 __CDF11:
0003d5 2e17      	MOV  R1,R23
0003d6 e17e      	LDI  R23,30
0003d7 2011      	TST  R1
                 __CDF12:
0003d8 f032      	BRMI __CDF13
0003d9 957a      	DEC  R23
0003da 0fee      	LSL  R30
0003db 1fff      	ROL  R31
0003dc 1f66      	ROL  R22
0003dd 1c11      	ROL  R1
0003de cff9      	RJMP __CDF12
                 __CDF13:
0003df 2fef      	MOV  R30,R31
0003e0 2ff6      	MOV  R31,R22
0003e1 2d61      	MOV  R22,R1
0003e2 935f      	PUSH R21
0003e3 df8a      	RCALL __REPACK
0003e4 915f      	POP  R21
                 __CDF10:
0003e5 9508      	RET
                 
                 __SWAPACC:
0003e6 934f      	PUSH R20
0003e7 01af      	MOVW R20,R30
0003e8 01fd      	MOVW R30,R26
0003e9 01da      	MOVW R26,R20
0003ea 01ab      	MOVW R20,R22
0003eb 01bc      	MOVW R22,R24
0003ec 01ca      	MOVW R24,R20
0003ed 2d40      	MOV  R20,R0
0003ee 2c01      	MOV  R0,R1
0003ef 2e14      	MOV  R1,R20
0003f0 914f      	POP  R20
0003f1 9508      	RET
                 
                 __UADD12:
0003f2 0fea      	ADD  R30,R26
0003f3 1ffb      	ADC  R31,R27
0003f4 1f68      	ADC  R22,R24
0003f5 9508      	RET
                 
                 __NEGMAN1:
0003f6 95e0      	COM  R30
0003f7 95f0      	COM  R31
0003f8 9560      	COM  R22
0003f9 5fef      	SUBI R30,-1
0003fa 4fff      	SBCI R31,-1
0003fb 4f6f      	SBCI R22,-1
0003fc 9508      	RET
                 
                 __SUBF12:
0003fd 935f      	PUSH R21
0003fe df81      	RCALL __UNPACK
0003ff 3890      	CPI  R25,0x80
000400 f171      	BREQ __ADDF129
000401 e850      	LDI  R21,0x80
000402 2615      	EOR  R1,R21
                 
000403 c004      	RJMP __ADDF120
                 
                 __ADDF12:
000404 935f      	PUSH R21
000405 df7a      	RCALL __UNPACK
000406 3890      	CPI  R25,0x80
000407 f139      	BREQ __ADDF129
                 
                 __ADDF120:
000408 3870      	CPI  R23,0x80
000409 f121      	BREQ __ADDF128
                 __ADDF121:
00040a 2f57      	MOV  R21,R23
00040b 1b59      	SUB  R21,R25
00040c f12b      	BRVS __ADDF1211
00040d f412      	BRPL __ADDF122
00040e dfd7      	RCALL __SWAPACC
00040f cffa      	RJMP __ADDF121
                 __ADDF122:
000410 3158      	CPI  R21,24
000411 f018      	BRLO __ADDF123
000412 27aa      	CLR  R26
000413 27bb      	CLR  R27
000414 2788      	CLR  R24
                 __ADDF123:
000415 3058      	CPI  R21,8
000416 f028      	BRLO __ADDF124
000417 2fab      	MOV  R26,R27
000418 2fb8      	MOV  R27,R24
000419 2788      	CLR  R24
00041a 5058      	SUBI R21,8
00041b cff9      	RJMP __ADDF123
                 __ADDF124:
00041c 2355      	TST  R21
00041d f029      	BREQ __ADDF126
                 __ADDF125:
00041e 9586      	LSR  R24
00041f 95b7      	ROR  R27
000420 95a7      	ROR  R26
000421 955a      	DEC  R21
000422 f7d9      	BRNE __ADDF125
                 __ADDF126:
000423 2d50      	MOV  R21,R0
000424 2551      	EOR  R21,R1
000425 f072      	BRMI __ADDF127
000426 dfcb      	RCALL __UADD12
000427 f438      	BRCC __ADDF129
000428 9567      	ROR  R22
000429 95f7      	ROR  R31
00042a 95e7      	ROR  R30
00042b 9573      	INC  R23
00042c f413      	BRVC __ADDF129
00042d c020      	RJMP __MAXRES
                 __ADDF128:
00042e dfb7      	RCALL __SWAPACC
                 __ADDF129:
00042f df3e      	RCALL __REPACK
000430 915f      	POP  R21
000431 9508      	RET
                 __ADDF1211:
000432 f7d8      	BRCC __ADDF128
000433 cffb      	RJMP __ADDF129
                 __ADDF127:
000434 1bea      	SUB  R30,R26
000435 0bfb      	SBC  R31,R27
000436 0b68      	SBC  R22,R24
000437 f051      	BREQ __ZERORES
000438 f410      	BRCC __ADDF1210
000439 9400      	COM  R0
00043a dfbb      	RCALL __NEGMAN1
                 __ADDF1210:
00043b 2366      	TST  R22
00043c f392      	BRMI __ADDF129
00043d 0fee      	LSL  R30
00043e 1fff      	ROL  R31
00043f 1f66      	ROL  R22
000440 957a      	DEC  R23
000441 f7cb      	BRVC __ADDF1210
                 
                 __ZERORES:
000442 27ee      	CLR  R30
000443 27ff      	CLR  R31
000444 2766      	CLR  R22
000445 2777      	CLR  R23
000446 915f      	POP  R21
000447 9508      	RET
                 
                 __MINRES:
000448 efef      	SER  R30
000449 efff      	SER  R31
00044a e76f      	LDI  R22,0x7F
00044b ef7f      	SER  R23
00044c 915f      	POP  R21
00044d 9508      	RET
                 
                 __MAXRES:
00044e efef      	SER  R30
00044f efff      	SER  R31
000450 e76f      	LDI  R22,0x7F
000451 e77f      	LDI  R23,0x7F
000452 915f      	POP  R21
000453 9508      	RET
                 
                 __MULF12:
000454 935f      	PUSH R21
000455 df2a      	RCALL __UNPACK
000456 3870      	CPI  R23,0x80
000457 f351      	BREQ __ZERORES
000458 3890      	CPI  R25,0x80
000459 f341      	BREQ __ZERORES
00045a 2401      	EOR  R0,R1
00045b 9408      	SEC
00045c 1f79      	ADC  R23,R25
00045d f423      	BRVC __MULF124
00045e f31c      	BRLT __ZERORES
                 __MULF125:
00045f 2000      	TST  R0
000460 f33a      	BRMI __MINRES
000461 cfec      	RJMP __MAXRES
                 __MULF124:
000462 920f      	PUSH R0
000463 931f      	PUSH R17
000464 932f      	PUSH R18
000465 933f      	PUSH R19
000466 934f      	PUSH R20
000467 2711      	CLR  R17
000468 2722      	CLR  R18
000469 2799      	CLR  R25
00046a 9f68      	MUL  R22,R24
00046b 01a0      	MOVW R20,R0
00046c 9f8f      	MUL  R24,R31
00046d 2d30      	MOV  R19,R0
00046e 0d41      	ADD  R20,R1
00046f 1f59      	ADC  R21,R25
000470 9f6b      	MUL  R22,R27
000471 0d30      	ADD  R19,R0
000472 1d41      	ADC  R20,R1
000473 1f59      	ADC  R21,R25
000474 9f8e      	MUL  R24,R30
000475 d027      	RCALL __MULF126
000476 9fbf      	MUL  R27,R31
000477 d025      	RCALL __MULF126
000478 9f6a      	MUL  R22,R26
000479 d023      	RCALL __MULF126
00047a 9fbe      	MUL  R27,R30
00047b d01d      	RCALL __MULF127
00047c 9faf      	MUL  R26,R31
00047d d01b      	RCALL __MULF127
00047e 9fae      	MUL  R26,R30
00047f 0d11      	ADD  R17,R1
000480 1f29      	ADC  R18,R25
000481 1f39      	ADC  R19,R25
000482 1f49      	ADC  R20,R25
000483 1f59      	ADC  R21,R25
000484 2fe3      	MOV  R30,R19
000485 2ff4      	MOV  R31,R20
000486 2f65      	MOV  R22,R21
000487 2f52      	MOV  R21,R18
000488 914f      	POP  R20
000489 913f      	POP  R19
00048a 912f      	POP  R18
00048b 911f      	POP  R17
00048c 900f      	POP  R0
00048d 2366      	TST  R22
00048e f02a      	BRMI __MULF122
00048f 0f55      	LSL  R21
000490 1fee      	ROL  R30
000491 1fff      	ROL  R31
000492 1f66      	ROL  R22
000493 c002      	RJMP __MULF123
                 __MULF122:
000494 9573      	INC  R23
000495 f24b      	BRVS __MULF125
                 __MULF123:
000496 decd      	RCALL __ROUND_REPACK
000497 915f      	POP  R21
000498 9508      	RET
                 
                 __MULF127:
000499 0d10      	ADD  R17,R0
00049a 1d21      	ADC  R18,R1
00049b 1f39      	ADC  R19,R25
00049c c002      	RJMP __MULF128
                 __MULF126:
00049d 0d20      	ADD  R18,R0
00049e 1d31      	ADC  R19,R1
                 __MULF128:
00049f 1f49      	ADC  R20,R25
0004a0 1f59      	ADC  R21,R25
0004a1 9508      	RET
                 
                 __DIVF21:
0004a2 935f      	PUSH R21
0004a3 dedc      	RCALL __UNPACK
0004a4 3870      	CPI  R23,0x80
0004a5 f421      	BRNE __DIVF210
0004a6 2011      	TST  R1
                 __DIVF211:
0004a7 f40a      	BRPL __DIVF219
0004a8 cf9f      	RJMP __MINRES
                 __DIVF219:
0004a9 cfa4      	RJMP __MAXRES
                 __DIVF210:
0004aa 3890      	CPI  R25,0x80
0004ab f409      	BRNE __DIVF218
                 __DIVF217:
0004ac cf95      	RJMP __ZERORES
                 __DIVF218:
0004ad 2401      	EOR  R0,R1
0004ae 9408      	SEC
0004af 0b97      	SBC  R25,R23
0004b0 f41b      	BRVC __DIVF216
0004b1 f3d4      	BRLT __DIVF217
0004b2 2000      	TST  R0
0004b3 cff3      	RJMP __DIVF211
                 __DIVF216:
0004b4 2f79      	MOV  R23,R25
0004b5 931f      	PUSH R17
0004b6 932f      	PUSH R18
0004b7 933f      	PUSH R19
0004b8 934f      	PUSH R20
0004b9 2411      	CLR  R1
0004ba 2711      	CLR  R17
0004bb 2722      	CLR  R18
0004bc 2733      	CLR  R19
0004bd 2744      	CLR  R20
0004be 2755      	CLR  R21
0004bf e290      	LDI  R25,32
                 __DIVF212:
0004c0 17ae      	CP   R26,R30
0004c1 07bf      	CPC  R27,R31
0004c2 0786      	CPC  R24,R22
0004c3 0741      	CPC  R20,R17
0004c4 f030      	BRLO __DIVF213
0004c5 1bae      	SUB  R26,R30
0004c6 0bbf      	SBC  R27,R31
0004c7 0b86      	SBC  R24,R22
0004c8 0b41      	SBC  R20,R17
0004c9 9408      	SEC
0004ca c001      	RJMP __DIVF214
                 __DIVF213:
0004cb 9488      	CLC
                 __DIVF214:
0004cc 1f55      	ROL  R21
0004cd 1f22      	ROL  R18
0004ce 1f33      	ROL  R19
0004cf 1c11      	ROL  R1
0004d0 1faa      	ROL  R26
0004d1 1fbb      	ROL  R27
0004d2 1f88      	ROL  R24
0004d3 1f44      	ROL  R20
0004d4 959a      	DEC  R25
0004d5 f751      	BRNE __DIVF212
0004d6 01f9      	MOVW R30,R18
0004d7 2d61      	MOV  R22,R1
0004d8 914f      	POP  R20
0004d9 913f      	POP  R19
0004da 912f      	POP  R18
0004db 911f      	POP  R17
0004dc 2366      	TST  R22
0004dd f032      	BRMI __DIVF215
0004de 0f55      	LSL  R21
0004df 1fee      	ROL  R30
0004e0 1fff      	ROL  R31
0004e1 1f66      	ROL  R22
0004e2 957a      	DEC  R23
0004e3 f243      	BRVS __DIVF217
                 __DIVF215:
0004e4 de7f      	RCALL __ROUND_REPACK
0004e5 915f      	POP  R21
0004e6 9508      	RET
                 
                 __CMPF12:
0004e7 2399      	TST  R25
0004e8 f09a      	BRMI __CMPF120
0004e9 2377      	TST  R23
0004ea f042      	BRMI __CMPF121
0004eb 1797      	CP   R25,R23
0004ec f048      	BRLO __CMPF122
0004ed f429      	BRNE __CMPF121
0004ee 17ae      	CP   R26,R30
0004ef 07bf      	CPC  R27,R31
0004f0 0786      	CPC  R24,R22
0004f1 f020      	BRLO __CMPF122
0004f2 f031      	BREQ __CMPF123
                 __CMPF121:
0004f3 9498      	CLZ
0004f4 9488      	CLC
0004f5 9508      	RET
                 __CMPF122:
0004f6 9498      	CLZ
0004f7 9408      	SEC
0004f8 9508      	RET
                 __CMPF123:
0004f9 9418      	SEZ
0004fa 9488      	CLC
0004fb 9508      	RET
                 __CMPF120:
0004fc 2377      	TST  R23
0004fd f7c2      	BRPL __CMPF122
0004fe 1797      	CP   R25,R23
0004ff f398      	BRLO __CMPF121
000500 f7a9      	BRNE __CMPF122
000501 17ea      	CP   R30,R26
000502 07fb      	CPC  R31,R27
000503 0768      	CPC  R22,R24
000504 f388      	BRLO __CMPF122
000505 f399      	BREQ __CMPF123
000506 cfec      	RJMP __CMPF121
                 
                 __ANEGD1:
000507 95f0      	COM  R31
000508 9560      	COM  R22
000509 9570      	COM  R23
00050a 95e1      	NEG  R30
00050b 4fff      	SBCI R31,-1
00050c 4f6f      	SBCI R22,-1
00050d 4f7f      	SBCI R23,-1
00050e 9508      	RET
                 
                 __CWD1:
00050f 2f6f      	MOV  R22,R31
000510 0f66      	ADD  R22,R22
000511 0b66      	SBC  R22,R22
000512 2f76      	MOV  R23,R22
000513 9508      	RET
                 
                 __GETD1S0:
000514 81e8      	LD   R30,Y
000515 81f9      	LDD  R31,Y+1
000516 816a      	LDD  R22,Y+2
000517 817b      	LDD  R23,Y+3
000518 9508      	RET
                 
                 __PUTD1S0:
000519 83e8      	ST   Y,R30
00051a 83f9      	STD  Y+1,R31
00051b 836a      	STD  Y+2,R22
00051c 837b      	STD  Y+3,R23
00051d 9508      	RET
                 
                 __PUTPARD1:
00051e 937a      	ST   -Y,R23
00051f 936a      	ST   -Y,R22
000520 93fa      	ST   -Y,R31
000521 93ea      	ST   -Y,R30
000522 9508      	RET
                 
                 __SWAPD12:
000523 2e18      	MOV  R1,R24
000524 2f86      	MOV  R24,R22
000525 2d61      	MOV  R22,R1
000526 2e19      	MOV  R1,R25
000527 2f97      	MOV  R25,R23
000528 2d71      	MOV  R23,R1
                 
                 __SWAPW12:
000529 2e1b      	MOV  R1,R27
00052a 2fbf      	MOV  R27,R31
00052b 2df1      	MOV  R31,R1
                 
                 __SWAPB12:
00052c 2e1a      	MOV  R1,R26
00052d 2fae      	MOV  R26,R30
00052e 2de1      	MOV  R30,R1
00052f 9508      	RET
                 
                 ;END OF CODE MARKER
                 __END_OF_CODE:


RESOURCE USE INFORMATION
------------------------

Notice:
The register and instruction counts are symbol table hit counts,
and hence implicitly used resources are not counted, eg, the
'lpm' instruction without operands implicitly uses r0 and z,
none of which are counted.

x,y,z are separate entities in the symbol table and are
counted separately from r26..r31 here.

.dseg memory usage only counts static data declared with .byte

ATmega32 register use summary:
r0 :  31 r1 :  30 r2 :   0 r3 :   0 r4 :   3 r5 :   2 r6 :   4 r7 :   4 
r8 :   0 r9 :   2 r10:   0 r11:   0 r12:   0 r13:   0 r14:   0 r15:   0 
r16:   6 r17:  25 r18:  12 r19:  12 r20:  22 r21:  63 r22:  78 r23:  73 
r24:  58 r25:  50 r26:  60 r27:  36 r28:   7 r29:   1 r30: 227 r31:  99 
x  :  10 y  : 136 z  :   9 
Registers used: 26 out of 35 (74.3%)

ATmega32 instruction use summary:
.lds  :   0 .lds.l:   0 .sts  :   0 .sts.l:   0 adc   :  17 add   :   8 
adiw  :   9 and   :   5 andi  :   4 asr   :   0 bclr  :   0 bld   :   2 
brbc  :   0 brbs  :   0 brcc  :   6 brcs  :   1 break :   0 breq  :  28 
brge  :   0 brhc  :   0 brhs  :   0 brid  :   0 brie  :   0 brlo  :  16 
brlt  :   2 brmi  :   9 brne  :  32 brpl  :   8 brsh  :   1 brtc  :   2 
brts  :   1 brvc  :   4 brvs  :   4 bset  :   0 bst   :   2 call  :  85 
cbi   :   9 cbr   :   1 clc   :   3 clh   :   0 cli   :   1 cln   :   0 
clr   :  33 cls   :   0 clt   :   3 clv   :   0 clz   :   2 com   :   8 
cp    :   7 cpc   :  14 cpi   :  30 cpse  :   0 dec   :  13 des   :   0 
eor   :   7 fmul  :   0 fmuls :   0 fmulsu:   0 icall :   0 ijmp  :   0 
in    :  10 inc   :   4 jmp   :  25 ld    :  27 ldd   :  52 ldi   : 122 
lds   :  20 lpm   :   8 lsl   :  12 lsr   :   3 mov   :  49 movw  :  16 
mul   :   9 muls  :   0 mulsu :   0 neg   :   2 nop   :   0 or    :   1 
ori   :   0 out   :  32 pop   :  18 push  :  18 rcall :  33 ret   :  47 
reti  :   0 rjmp  :  52 rol   :  24 ror   :  15 sbc   :   7 sbci  :  11 
sbi   :  14 sbic  :   0 sbis  :   1 sbiw  :  12 sbr   :   2 sbrc  :   1 
sbrs  :   1 sec   :   5 seh   :   0 sei   :   1 sen   :   0 ser   :   8 
ses   :   0 set   :   2 sev   :   0 sez   :   1 sleep :   0 spm   :   0 
st    :  48 std   :  20 sts   :  10 sub   :   4 subi  :  15 swap  :   1 
tst   :  19 wdr   :   1 
Instructions used: 78 out of 116 (67.2%)

ATmega32 memory use summary [bytes]:
Segment   Begin    End      Code   Data   Used    Size   Use%
---------------------------------------------------------------
[.cseg] 0x000000 0x000a60   2600     56   2656   32768   8.1%
[.dseg] 0x000060 0x000284      0     36     36    2143   1.7%
[.eseg] 0x000000 0x000000      0      0      0    1024   0.0%

Assembly complete, 0 errors, 6 warnings
